Handling lib "demo-bundle"...
Handling lib "adc"...
The --lib flag was not given for it, checking repository
The --lib flag was not given for it, checking repository
Prebuilt binary for "demo-bundle" already exists
Prepared local dir: "/fwbuild-volumes/2.1/apps/demo-c/esp32/build_contexts/build_ctx_970292129/libs/demo-bundle"
Prebuilt binary for "adc" already exists
Prepared local dir: "/fwbuild-volumes/2.1/apps/demo-c/esp32/build_contexts/build_ctx_970292129/libs/adc"
Handling lib "aws"...
Handling lib "ota-shadow"...
Handling lib "http-server"...
Handling lib "atca"...
Handling lib "azure"...
The --lib flag was not given for it, checking repository
The --lib flag was not given for it, checking repository
The --lib flag was not given for it, checking repository
The --lib flag was not given for it, checking repository
The --lib flag was not given for it, checking repository
Handling lib "bt-service-config"...
Handling lib "ca-bundle"...
Handling lib "rpc-uart"...
The --lib flag was not given for it, checking repository
Handling lib "rpc-service-config"...
The --lib flag was not given for it, checking repository
Handling lib "dash"...
The --lib flag was not given for it, checking repository
The --lib flag was not given for it, checking repository
Handling lib "ota-http-server"...
Handling lib "dht"...
Handling lib "rpc-azure"...
Handling lib "gcp"...
The --lib flag was not given for it, checking repository
The --lib flag was not given for it, checking repository
The --lib flag was not given for it, checking repository
The --lib flag was not given for it, checking repository
Handling lib "rpc-service-fs"...
The --lib flag was not given for it, checking repository
Handling lib "neopixel"...
Handling lib "ota-http-client"...
Handling lib "ethernet"...
Handling lib "bt-service-debug"...
Handling lib "rpc-service-gpio"...
Handling lib "pppos"...
Handling lib "i2c"...
The --lib flag was not given for it, checking repository
The --lib flag was not given for it, checking repository
The --lib flag was not given for it, checking repository
The --lib flag was not given for it, checking repository
Handling lib "shadow"...
Handling lib "esp32-touchpad"...
The --lib flag was not given for it, checking repository
The --lib flag was not given for it, checking repository
The --lib flag was not given for it, checking repository
The --lib flag was not given for it, checking repository
Handling lib "pwm"...
Handling lib "wifi"...
Handling lib "sntp"...
Handling lib "rpc-service-wifi"...
Handling lib "rpc-gatts"...
Handling lib "rpc-service-i2c"...
Handling lib "rpc-loopback"...
Handling lib "rpc-mqtt"...
Handling lib "rpc-service-ota"...
Handling lib "dns-sd"...
Handling lib "rpc-service-atca"...
Handling lib "spi"...
Lib "adc" is already handled, skipping
Handling lib "vfs-dev-spi-flash"...
The --lib flag was not given for it, checking repository
The --lib flag was not given for it, checking repository
The --lib flag was not given for it, checking repository
The --lib flag was not given for it, checking repository
The --lib flag was not given for it, checking repository
The --lib flag was not given for it, checking repository
The --lib flag was not given for it, checking repository
The --lib flag was not given for it, checking repository
The --lib flag was not given for it, checking repository
The --lib flag was not given for it, checking repository
The --lib flag was not given for it, checking repository
The --lib flag was not given for it, checking repository
The --lib flag was not given for it, checking repository
The --lib flag was not given for it, checking repository
The --lib flag was not given for it, checking repository
Prebuilt binary for "dht" already exists
Prepared local dir: "/fwbuild-volumes/2.1/apps/demo-c/esp32/build_contexts/build_ctx_970292129/libs/dht"
Prebuilt binary for "gcp" already exists
Prepared local dir: "/fwbuild-volumes/2.1/apps/demo-c/esp32/build_contexts/build_ctx_970292129/libs/gcp"
Lib "sntp" is already handled, skipping
Handling lib "mqtt"...
Lib "ca-bundle" is already handled, skipping
The --lib flag was not given for it, checking repository
Prebuilt binary for "ota-http-server" already exists
Prepared local dir: "/fwbuild-volumes/2.1/apps/demo-c/esp32/build_contexts/build_ctx_970292129/libs/ota-http-server"
Lib "http-server" is already handled, skipping
Lib "ota-http-client" is already handled, skipping
Prebuilt binary for "aws" already exists
Prepared local dir: "/fwbuild-volumes/2.1/apps/demo-c/esp32/build_contexts/build_ctx_970292129/libs/aws"
Lib "ca-bundle" is already handled, skipping
Lib "mqtt" is already handled, skipping
Lib "shadow" is already handled, skipping
Prebuilt binary for "rpc-service-config" already exists
Prepared local dir: "/fwbuild-volumes/2.1/apps/demo-c/esp32/build_contexts/build_ctx_970292129/libs/rpc-service-config"
Prebuilt binary for "ota-shadow" already exists
Prepared local dir: "/fwbuild-volumes/2.1/apps/demo-c/esp32/build_contexts/build_ctx_970292129/libs/ota-shadow"
Handling lib "rpc-common"...
The --lib flag was not given for it, checking repository
Prebuilt binary for "dash" already exists
Lib "shadow" is already handled, skipping
Prepared local dir: "/fwbuild-volumes/2.1/apps/demo-c/esp32/build_contexts/build_ctx_970292129/libs/dash"
Prebuilt binary for "ca-bundle" already exists
Prepared local dir: "/fwbuild-volumes/2.1/apps/demo-c/esp32/build_contexts/build_ctx_970292129/libs/ca-bundle"
Lib "ota-shadow" is already handled, skipping
Lib "shadow" is already handled, skipping
Lib "rpc-common" is already handled, skipping
Prebuilt binary for "rpc-service-fs" already exists
Prebuilt binary for "neopixel" already exists
Prepared local dir: "/fwbuild-volumes/2.1/apps/demo-c/esp32/build_contexts/build_ctx_970292129/libs/neopixel"
Handling lib "mongoose"...
Prebuilt binary for "bt-service-config" already exists
Prebuilt binary for "rpc-azure" already exists
Prepared local dir: "/fwbuild-volumes/2.1/apps/demo-c/esp32/build_contexts/build_ctx_970292129/libs/rpc-service-fs"
Prepared local dir: "/fwbuild-volumes/2.1/apps/demo-c/esp32/build_contexts/build_ctx_970292129/libs/rpc-azure"
The --lib flag was not given for it, checking repository
Prepared local dir: "/fwbuild-volumes/2.1/apps/demo-c/esp32/build_contexts/build_ctx_970292129/libs/bt-service-config"
Prebuilt binary for "rpc-service-gpio" already exists
Prepared local dir: "/fwbuild-volumes/2.1/apps/demo-c/esp32/build_contexts/build_ctx_970292129/libs/rpc-service-gpio"
Lib "rpc-common" is already handled, skipping
Lib "mongoose" is already handled, skipping
Lib "azure" is already handled, skipping
Lib "rpc-common" is already handled, skipping
Handling lib "bt-common"...
Lib "rpc-common" is already handled, skipping
The --lib flag was not given for it, checking repository
Prebuilt binary for "i2c" already exists
Prepared local dir: "/fwbuild-volumes/2.1/apps/demo-c/esp32/build_contexts/build_ctx_970292129/libs/i2c"
Prebuilt binary for "pppos" already exists
Prepared local dir: "/fwbuild-volumes/2.1/apps/demo-c/esp32/build_contexts/build_ctx_970292129/libs/pppos"
Prebuilt binary for "bt-service-debug" already exists
Prepared local dir: "/fwbuild-volumes/2.1/apps/demo-c/esp32/build_contexts/build_ctx_970292129/libs/bt-service-debug"
Prebuilt binary for "sntp" already exists
Prepared local dir: "/fwbuild-volumes/2.1/apps/demo-c/esp32/build_contexts/build_ctx_970292129/libs/sntp"
Prebuilt binary for "rpc-uart" already exists
Prebuilt binary for "rpc-service-atca" already exists
Prepared local dir: "/fwbuild-volumes/2.1/apps/demo-c/esp32/build_contexts/build_ctx_970292129/libs/rpc-uart"
Prepared local dir: "/fwbuild-volumes/2.1/apps/demo-c/esp32/build_contexts/build_ctx_970292129/libs/rpc-service-atca"
Prebuilt binary for "ethernet" already exists
Prepared local dir: "/fwbuild-volumes/2.1/apps/demo-c/esp32/build_contexts/build_ctx_970292129/libs/ethernet"
Lib "mongoose" is already handled, skipping
Lib "bt-common" is already handled, skipping
Prebuilt binary for "shadow" already exists
Prepared local dir: "/fwbuild-volumes/2.1/apps/demo-c/esp32/build_contexts/build_ctx_970292129/libs/shadow"
Lib "mongoose" is already handled, skipping
Lib "atca" is already handled, skipping
Lib "rpc-common" is already handled, skipping
Lib "rpc-common" is already handled, skipping
Lib "mongoose" is already handled, skipping
Lib "mongoose" is already handled, skipping
Prebuilt binary for "pwm" already exists
Prepared local dir: "/fwbuild-volumes/2.1/apps/demo-c/esp32/build_contexts/build_ctx_970292129/libs/pwm"
Lib "mongoose" is already handled, skipping
Prebuilt binary for "esp32-touchpad" already exists
Prebuilt binary for "rpc-gatts" already exists
Prepared local dir: "/fwbuild-volumes/2.1/apps/demo-c/esp32/build_contexts/build_ctx_970292129/libs/esp32-touchpad"
Prepared local dir: "/fwbuild-volumes/2.1/apps/demo-c/esp32/build_contexts/build_ctx_970292129/libs/rpc-gatts"
Prebuilt binary for "rpc-service-i2c" already exists
Prebuilt binary for "rpc-loopback" already exists
Prepared local dir: "/fwbuild-volumes/2.1/apps/demo-c/esp32/build_contexts/build_ctx_970292129/libs/rpc-service-i2c"
Prepared local dir: "/fwbuild-volumes/2.1/apps/demo-c/esp32/build_contexts/build_ctx_970292129/libs/rpc-loopback"
Lib "mongoose" is already handled, skipping
Prebuilt binary for "rpc-service-ota" already exists
Prepared local dir: "/fwbuild-volumes/2.1/apps/demo-c/esp32/build_contexts/build_ctx_970292129/libs/rpc-service-ota"
Prebuilt binary for "ota-http-client" already exists
Prepared local dir: "/fwbuild-volumes/2.1/apps/demo-c/esp32/build_contexts/build_ctx_970292129/libs/ota-http-client"
Lib "i2c" is already handled, skipping
Lib "ota-http-client" is already handled, skipping
Lib "rpc-common" is already handled, skipping
Lib "rpc-common" is already handled, skipping
Lib "rpc-common" is already handled, skipping
Lib "rpc-common" is already handled, skipping
Lib "mongoose" is already handled, skipping
Lib "bt-common" is already handled, skipping
Prebuilt binary for "spi" already exists
Prepared local dir: "/fwbuild-volumes/2.1/apps/demo-c/esp32/build_contexts/build_ctx_970292129/libs/spi"
Prebuilt binary for "rpc-service-wifi" already exists
Prepared local dir: "/fwbuild-volumes/2.1/apps/demo-c/esp32/build_contexts/build_ctx_970292129/libs/rpc-service-wifi"
Lib "rpc-common" is already handled, skipping
Lib "wifi" is already handled, skipping
Lib "mongoose" is already handled, skipping
Prebuilt binary for "vfs-dev-spi-flash" already exists
Prepared local dir: "/fwbuild-volumes/2.1/apps/demo-c/esp32/build_contexts/build_ctx_970292129/libs/vfs-dev-spi-flash"
Lib "spi" is already handled, skipping
Prebuilt binary for "rpc-mqtt" already exists
Prepared local dir: "/fwbuild-volumes/2.1/apps/demo-c/esp32/build_contexts/build_ctx_970292129/libs/rpc-mqtt"
Lib "mqtt" is already handled, skipping
Lib "rpc-common" is already handled, skipping
Prebuilt binary for "mqtt" already exists
Prepared local dir: "/fwbuild-volumes/2.1/apps/demo-c/esp32/build_contexts/build_ctx_970292129/libs/mqtt"
Lib "mongoose" is already handled, skipping
Prebuilt binary for "mongoose" already exists
Prepared local dir: "/fwbuild-volumes/2.1/apps/demo-c/esp32/build_contexts/build_ctx_970292129/libs/mongoose"
Prebuilt binary for "bt-common" already exists
Prepared local dir: "/fwbuild-volumes/2.1/apps/demo-c/esp32/build_contexts/build_ctx_970292129/libs/bt-common"
Lib "mongoose" is already handled, skipping
Falling back to sources for "rpc-common" (failed to fetch prebuilt binary: got 404 status code when accessed https://github.com/mongoose-os-libs/rpc-common/releases/download/2.1/librpc-common-esp32.a)
Prepared local dir: "/fwbuild-volumes/2.1/apps/demo-c/esp32/build_contexts/build_ctx_970292129/libs/rpc-common"
Lib "http-server" is optional, skipping
Falling back to sources for "azure" (failed to fetch prebuilt binary: got 404 status code when accessed https://github.com/mongoose-os-libs/azure/releases/download/2.1/libazure-esp32.a)
Prepared local dir: "/fwbuild-volumes/2.1/apps/demo-c/esp32/build_contexts/build_ctx_970292129/libs/azure"
Lib "sntp" is already handled, skipping
Lib "ca-bundle" is already handled, skipping
Lib "mqtt" is already handled, skipping
Falling back to sources for "http-server" (failed to fetch prebuilt binary: got 404 status code when accessed https://github.com/mongoose-os-libs/http-server/releases/download/2.1/libhttp-server-esp32.a)
Prepared local dir: "/fwbuild-volumes/2.1/apps/demo-c/esp32/build_contexts/build_ctx_970292129/libs/http-server"
Lib "mongoose" is already handled, skipping
Lib "wifi" is optional, skipping
Lib "ethernet" is optional, skipping
Lib "atca" is optional, skipping
Falling back to sources for "wifi" (failed to fetch prebuilt binary: got 404 status code when accessed https://github.com/mongoose-os-libs/wifi/releases/download/2.1/libwifi-esp32.a)
Prepared local dir: "/fwbuild-volumes/2.1/apps/demo-c/esp32/build_contexts/build_ctx_970292129/libs/wifi"
Falling back to sources for "atca" (failed to fetch prebuilt binary: got 404 status code when accessed https://github.com/mongoose-os-libs/atca/releases/download/2.1/libatca-esp32.a)
Prepared local dir: "/fwbuild-volumes/2.1/apps/demo-c/esp32/build_contexts/build_ctx_970292129/libs/atca"
Lib "mongoose" is already handled, skipping
Lib "i2c" is already handled, skipping
Falling back to sources for "dns-sd" (failed to fetch prebuilt binary: got 404 status code when accessed https://github.com/mongoose-os-libs/dns-sd/releases/download/2.1/libdns-sd-esp32.a)
Prepared local dir: "/fwbuild-volumes/2.1/apps/demo-c/esp32/build_contexts/build_ctx_970292129/libs/dns-sd"
Lib "http-server" is already handled, skipping
Lib "ethernet" is optional, skipping
Lib "wifi" is optional, skipping
The flag --repo is not given, going to use mongoose-os repository
Sources: [/fwbuild-volumes/2.1/apps/demo-c/esp32/build_contexts/build_ctx_970292129/src/main.c /fwbuild-volumes/2.1/apps/demo-c/esp32/build_contexts/build_ctx_970292129/build/gen/mgos_deps_init.c /fwbuild-volumes/2.1/apps/demo-c/esp32/build_contexts/build_ctx_970292129/libs/adc/esp32/src/esp32_adc.c /fwbuild-volumes/2.1/apps/demo-c/esp32/build_contexts/build_ctx_970292129/libs/i2c/src/mgos_i2c.c /fwbuild-volumes/2.1/apps/demo-c/esp32/build_contexts/build_ctx_970292129/libs/i2c/esp32/src/esp32_i2c_master.c /fwbuild-volumes/2.1/apps/demo-c/esp32/build_contexts/build_ctx_970292129/libs/atca/src/mgos_atca.c /fwbuild-volumes/2.1/apps/demo-c/esp32/build_contexts/build_ctx_970292129/libs/ca-bundle/src/mgos_ca_bundle.c /fwbuild-volumes/2.1/apps/demo-c/esp32/build_contexts/build_ctx_970292129/libs/mqtt/src/mgos_mqtt.c /fwbuild-volumes/2.1/apps/demo-c/esp32/build_contexts/build_ctx_970292129/libs/shadow/src/mgos_shadow.c /fwbuild-volumes/2.1/apps/demo-c/esp32/build_contexts/build_ctx_970292129/libs/aws/src/mgos_aws.c /fwbuild-volumes/2.1/apps/demo-c/esp32/build_contexts/build_ctx_970292129/libs/aws/src/mgos_aws_greengrass.c /fwbuild-volumes/2.1/apps/demo-c/esp32/build_contexts/build_ctx_970292129/libs/aws/src/mgos_aws_shadow.c /fwbuild-volumes/2.1/apps/demo-c/esp32/build_contexts/build_ctx_970292129/libs/sntp/src/mgos_sntp.c /fwbuild-volumes/2.1/apps/demo-c/esp32/build_contexts/build_ctx_970292129/libs/azure/src/mgos_azure.c /fwbuild-volumes/2.1/apps/demo-c/esp32/build_contexts/build_ctx_970292129/libs/azure/src/mgos_azure_cm.c /fwbuild-volumes/2.1/apps/demo-c/esp32/build_contexts/build_ctx_970292129/libs/azure/src/mgos_azure_dm.c /fwbuild-volumes/2.1/apps/demo-c/esp32/build_contexts/build_ctx_970292129/libs/azure/src/mgos_azure_sas.c /fwbuild-volumes/2.1/apps/demo-c/esp32/build_contexts/build_ctx_970292129/libs/azure/src/mgos_azure_shadow.c /fwbuild-volumes/2.1/apps/demo-c/esp32/build_contexts/build_ctx_970292129/libs/bt-common/src/mgos_bt.c /fwbuild-volumes/2.1/apps/demo-c/esp32/build_contexts/build_ctx_970292129/libs/bt-common/src/mgos_bt_gap.c /fwbuild-volumes/2.1/apps/demo-c/esp32/build_contexts/build_ctx_970292129/libs/bt-common/src/esp32/esp32_bt.c /fwbuild-volumes/2.1/apps/demo-c/esp32/build_contexts/build_ctx_970292129/libs/bt-common/src/esp32/esp32_bt_gap.c /fwbuild-volumes/2.1/apps/demo-c/esp32/build_contexts/build_ctx_970292129/libs/bt-common/src/esp32/esp32_bt_gattc.c /fwbuild-volumes/2.1/apps/demo-c/esp32/build_contexts/build_ctx_970292129/libs/bt-common/src/esp32/esp32_bt_gatts.c /fwbuild-volumes/2.1/apps/demo-c/esp32/build_contexts/build_ctx_970292129/libs/bt-service-config/src/esp32/esp32_bt_svc_config.c /fwbuild-volumes/2.1/apps/demo-c/esp32/build_contexts/build_ctx_970292129/libs/bt-service-debug/src/esp32/esp32_bt_svc_debug.c /fwbuild-volumes/2.1/apps/demo-c/esp32/build_contexts/build_ctx_970292129/libs/ethernet/src/mgos_eth.c /fwbuild-volumes/2.1/apps/demo-c/esp32/build_contexts/build_ctx_970292129/libs/ethernet/src/esp32/esp32_eth.c /fwbuild-volumes/2.1/apps/demo-c/esp32/build_contexts/build_ctx_970292129/libs/wifi/src/mgos_wifi.c /fwbuild-volumes/2.1/apps/demo-c/esp32/build_contexts/build_ctx_970292129/libs/wifi/src/mjs_wifi.c /fwbuild-volumes/2.1/apps/demo-c/esp32/build_contexts/build_ctx_970292129/libs/wifi/esp32/src/esp32_wifi.c /fwbuild-volumes/2.1/apps/demo-c/esp32/build_contexts/build_ctx_970292129/libs/http-server/src/mgos_http_server.c /fwbuild-volumes/2.1/apps/demo-c/esp32/build_contexts/build_ctx_970292129/libs/rpc-common/src/mg_rpc/mg_rpc.c /fwbuild-volumes/2.1/apps/demo-c/esp32/build_contexts/build_ctx_970292129/libs/rpc-common/src/mg_rpc/mg_rpc_channel.c /fwbuild-volumes/2.1/apps/demo-c/esp32/build_contexts/build_ctx_970292129/libs/rpc-common/src/mg_rpc/mg_rpc_channel_http.c /fwbuild-volumes/2.1/apps/demo-c/esp32/build_contexts/build_ctx_970292129/libs/rpc-common/src/mg_rpc/mg_rpc_channel_ws.c /fwbuild-volumes/2.1/apps/demo-c/esp32/build_contexts/build_ctx_970292129/libs/rpc-common/src/mgos_rpc.c /fwbuild-volumes/2.1/apps/demo-c/esp32/build_contexts/build_ctx_970292129/libs/dht/src/mgos_dht.c /fwbuild-volumes/2.1/apps/demo-c/esp32/build_contexts/build_ctx_970292129/libs/dns-sd/src/mgos_dns_sd.c /fwbuild-volumes/2.1/apps/demo-c/esp32/build_contexts/build_ctx_970292129/libs/dns-sd/src/mgos_mdns.c /fwbuild-volumes/2.1/apps/demo-c/esp32/build_contexts/build_ctx_970292129/libs/dns-sd/src/lwip/lwip_mdns.c /fwbuild-volumes/2.1/apps/demo-c/esp32/build_contexts/build_ctx_970292129/libs/esp32-touchpad/src/esp32_touchpad.c /fwbuild-volumes/2.1/apps/demo-c/esp32/build_contexts/build_ctx_970292129/libs/gcp/src/mgos_gcp.c /fwbuild-volumes/2.1/apps/demo-c/esp32/build_contexts/build_ctx_970292129/libs/neopixel/src/mgos_neopixel.c /fwbuild-volumes/2.1/apps/demo-c/esp32/build_contexts/build_ctx_970292129/libs/pppos/src/mgos_pppos.c /fwbuild-volumes/2.1/apps/demo-c/esp32/build_contexts/build_ctx_970292129/libs/pwm/src/mgos_pwm.c /fwbuild-volumes/2.1/apps/demo-c/esp32/build_contexts/build_ctx_970292129/libs/pwm/src/esp32/esp32_pwm.c /fwbuild-volumes/2.1/apps/demo-c/esp32/build_contexts/build_ctx_970292129/libs/rpc-azure/src/mgos_rpc_channel_azure_dm.c /fwbuild-volumes/2.1/apps/demo-c/esp32/build_contexts/build_ctx_970292129/libs/rpc-gatts/src/esp32/esp32_rpc_channel_gatts.c /fwbuild-volumes/2.1/apps/demo-c/esp32/build_contexts/build_ctx_970292129/libs/rpc-loopback/src/mg_rpc_channel_loopback.c /fwbuild-volumes/2.1/apps/demo-c/esp32/build_contexts/build_ctx_970292129/libs/rpc-mqtt/src/mgos_rpc_channel_mqtt.c /fwbuild-volumes/2.1/apps/demo-c/esp32/build_contexts/build_ctx_970292129/libs/rpc-service-atca/src/mgos_atca_service.c /fwbuild-volumes/2.1/apps/demo-c/esp32/build_contexts/build_ctx_970292129/libs/rpc-service-config/src/mgos_service_config.c /fwbuild-volumes/2.1/apps/demo-c/esp32/build_contexts/build_ctx_970292129/libs/rpc-service-fs/src/mgos_service_filesystem.c /fwbuild-volumes/2.1/apps/demo-c/esp32/build_contexts/build_ctx_970292129/libs/rpc-service-gpio/src/mgos_gpio_service.c /fwbuild-volumes/2.1/apps/demo-c/esp32/build_contexts/build_ctx_970292129/libs/rpc-service-i2c/src/mgos_i2c_service.c /fwbuild-volumes/2.1/apps/demo-c/esp32/build_contexts/build_ctx_970292129/libs/rpc-service-wifi/src/mgos_rpc_service_wifi.c /fwbuild-volumes/2.1/apps/demo-c/esp32/build_contexts/build_ctx_970292129/libs/rpc-uart/src/mgos_rpc_channel_uart.c /fwbuild-volumes/2.1/apps/demo-c/esp32/build_contexts/build_ctx_970292129/libs/spi/src/mgos_spi.c /fwbuild-volumes/2.1/apps/demo-c/esp32/build_contexts/build_ctx_970292129/libs/spi/src/mgos_spi_mjs.c /fwbuild-volumes/2.1/apps/demo-c/esp32/build_contexts/build_ctx_970292129/libs/spi/src/esp32/esp32_spi_master.c /fwbuild-volumes/2.1/apps/demo-c/esp32/build_contexts/build_ctx_970292129/libs/vfs-dev-spi-flash/src/mgos_vfs_dev_spi_flash.c /fwbuild-volumes/2.1/apps/demo-c/esp32/build_contexts/build_ctx_970292129/libs/demo-bundle/src/mgos_demo_bundle.c]
Include dirs: [/fwbuild-volumes/2.1/apps/demo-c/esp32/build_contexts/build_ctx_970292129/libs/adc/include /fwbuild-volumes/2.1/apps/demo-c/esp32/build_contexts/build_ctx_970292129/libs/mongoose/include /fwbuild-volumes/2.1/apps/demo-c/esp32/build_contexts/build_ctx_970292129/libs/i2c/include /fwbuild-volumes/2.1/apps/demo-c/esp32/build_contexts/build_ctx_970292129/libs/atca/include /fwbuild-volumes/2.1/apps/demo-c/esp32/build_contexts/build_ctx_970292129/libs/mqtt/include /fwbuild-volumes/2.1/apps/demo-c/esp32/build_contexts/build_ctx_970292129/libs/shadow/include /fwbuild-volumes/2.1/apps/demo-c/esp32/build_contexts/build_ctx_970292129/libs/aws/include /fwbuild-volumes/2.1/apps/demo-c/esp32/build_contexts/build_ctx_970292129/libs/sntp/include /fwbuild-volumes/2.1/apps/demo-c/esp32/build_contexts/build_ctx_970292129/libs/azure/include /fwbuild-volumes/2.1/apps/demo-c/esp32/build_contexts/build_ctx_970292129/libs/bt-common/include /fwbuild-volumes/2.1/apps/demo-c/esp32/build_contexts/build_ctx_970292129/libs/bt-common/include/esp32 /fwbuild-volumes/2.1/apps/demo-c/esp32/build_contexts/build_ctx_970292129/libs/wifi/include /fwbuild-volumes/2.1/apps/demo-c/esp32/build_contexts/build_ctx_970292129/libs/wifi/esp32/include /fwbuild-volumes/2.1/apps/demo-c/esp32/build_contexts/build_ctx_970292129/libs/http-server/include /fwbuild-volumes/2.1/apps/demo-c/esp32/build_contexts/build_ctx_970292129/libs/rpc-common/include/mg_rpc /fwbuild-volumes/2.1/apps/demo-c/esp32/build_contexts/build_ctx_970292129/libs/rpc-common/include /fwbuild-volumes/2.1/apps/demo-c/esp32/build_contexts/build_ctx_970292129/libs/dash/include /fwbuild-volumes/2.1/apps/demo-c/esp32/build_contexts/build_ctx_970292129/libs/dht/include /fwbuild-volumes/2.1/apps/demo-c/esp32/build_contexts/build_ctx_970292129/libs/dns-sd/include /fwbuild-volumes/2.1/apps/demo-c/esp32/build_contexts/build_ctx_970292129/libs/gcp/include /fwbuild-volumes/2.1/apps/demo-c/esp32/build_contexts/build_ctx_970292129/libs/neopixel/include /fwbuild-volumes/2.1/apps/demo-c/esp32/build_contexts/build_ctx_970292129/libs/ota-http-client/include /fwbuild-volumes/2.1/apps/demo-c/esp32/build_contexts/build_ctx_970292129/libs/ota-http-server/include /fwbuild-volumes/2.1/apps/demo-c/esp32/build_contexts/build_ctx_970292129/libs/pppos/include /fwbuild-volumes/2.1/apps/demo-c/esp32/build_contexts/build_ctx_970292129/libs/pwm/include /fwbuild-volumes/2.1/apps/demo-c/esp32/build_contexts/build_ctx_970292129/libs/rpc-loopback/include /fwbuild-volumes/2.1/apps/demo-c/esp32/build_contexts/build_ctx_970292129/libs/rpc-mqtt/include /fwbuild-volumes/2.1/apps/demo-c/esp32/build_contexts/build_ctx_970292129/libs/rpc-service-config/include /fwbuild-volumes/2.1/apps/demo-c/esp32/build_contexts/build_ctx_970292129/libs/rpc-service-fs/include /fwbuild-volumes/2.1/apps/demo-c/esp32/build_contexts/build_ctx_970292129/libs/rpc-service-gpio/include /fwbuild-volumes/2.1/apps/demo-c/esp32/build_contexts/build_ctx_970292129/libs/rpc-service-i2c/include /fwbuild-volumes/2.1/apps/demo-c/esp32/build_contexts/build_ctx_970292129/libs/rpc-service-ota/include /fwbuild-volumes/2.1/apps/demo-c/esp32/build_contexts/build_ctx_970292129/libs/rpc-uart/include /fwbuild-volumes/2.1/apps/demo-c/esp32/build_contexts/build_ctx_970292129/libs/spi/include /fwbuild-volumes/2.1/apps/demo-c/esp32/build_contexts/build_ctx_970292129/libs/vfs-dev-spi-flash/include]
Binary libs: [/fwbuild-volumes/2.1/apps/demo-c/esp32/build_contexts/build_ctx_970292129/libs/mongoose/lib/esp32/libmongoose.a /fwbuild-volumes/2.1/apps/demo-c/esp32/build_contexts/build_ctx_970292129/libs/ota-shadow/lib/esp32/libota-shadow.a /fwbuild-volumes/2.1/apps/demo-c/esp32/build_contexts/build_ctx_970292129/libs/dash/lib/esp32/libdash.a /fwbuild-volumes/2.1/apps/demo-c/esp32/build_contexts/build_ctx_970292129/libs/ota-http-client/lib/esp32/libota-http-client.a /fwbuild-volumes/2.1/apps/demo-c/esp32/build_contexts/build_ctx_970292129/libs/ota-http-server/lib/esp32/libota-http-server.a /fwbuild-volumes/2.1/apps/demo-c/esp32/build_contexts/build_ctx_970292129/libs/rpc-service-ota/lib/esp32/librpc-service-ota.a]
Building...
mount from "/fwbuild-volumes/2.1/apps/demo-c/esp32/build_contexts/build_ctx_970292129" to "/app"
mount from "/fwbuild-volumes/2.1/apps/demo-c/esp32/build_contexts/build_ctx_970292129/modules/mongoose-os" to "/mongoose-os"
mount from "/fwbuild-volumes/2.1/apps/demo-c/esp32/build_contexts/build_ctx_970292129/modules/mongoose-os" to "/fwbuild-volumes/2.1/apps/demo-c/esp32/build_contexts/build_ctx_970292129/modules/mongoose-os"
mount from "/fwbuild-volumes/2.1/apps/demo-c/esp32/build_contexts/build_ctx_970292129/build" to "/fwbuild-volumes/2.1/apps/demo-c/esp32/build_contexts/build_ctx_970292129/build"
mount from "/fwbuild-volumes/2.1/apps/demo-c/esp32/build_contexts/build_ctx_970292129/src" to "/fwbuild-volumes/2.1/apps/demo-c/esp32/build_contexts/build_ctx_970292129/src"
mount from "/fwbuild-volumes/2.1/apps/demo-c/esp32/build_contexts/build_ctx_970292129/build/gen" to "/fwbuild-volumes/2.1/apps/demo-c/esp32/build_contexts/build_ctx_970292129/build/gen"
mount from "/fwbuild-volumes/2.1/apps/demo-c/esp32/build_contexts/build_ctx_970292129/libs/adc/esp32/src" to "/fwbuild-volumes/2.1/apps/demo-c/esp32/build_contexts/build_ctx_970292129/libs/adc/esp32/src"
mount from "/fwbuild-volumes/2.1/apps/demo-c/esp32/build_contexts/build_ctx_970292129/libs/i2c/src" to "/fwbuild-volumes/2.1/apps/demo-c/esp32/build_contexts/build_ctx_970292129/libs/i2c/src"
mount from "/fwbuild-volumes/2.1/apps/demo-c/esp32/build_contexts/build_ctx_970292129/libs/i2c/esp32/src" to "/fwbuild-volumes/2.1/apps/demo-c/esp32/build_contexts/build_ctx_970292129/libs/i2c/esp32/src"
mount from "/fwbuild-volumes/2.1/apps/demo-c/esp32/build_contexts/build_ctx_970292129/libs/atca/src" to "/fwbuild-volumes/2.1/apps/demo-c/esp32/build_contexts/build_ctx_970292129/libs/atca/src"
mount from "/fwbuild-volumes/2.1/apps/demo-c/esp32/build_contexts/build_ctx_970292129/libs/ca-bundle/src" to "/fwbuild-volumes/2.1/apps/demo-c/esp32/build_contexts/build_ctx_970292129/libs/ca-bundle/src"
mount from "/fwbuild-volumes/2.1/apps/demo-c/esp32/build_contexts/build_ctx_970292129/libs/mqtt/src" to "/fwbuild-volumes/2.1/apps/demo-c/esp32/build_contexts/build_ctx_970292129/libs/mqtt/src"
mount from "/fwbuild-volumes/2.1/apps/demo-c/esp32/build_contexts/build_ctx_970292129/libs/shadow/src" to "/fwbuild-volumes/2.1/apps/demo-c/esp32/build_contexts/build_ctx_970292129/libs/shadow/src"
mount from "/fwbuild-volumes/2.1/apps/demo-c/esp32/build_contexts/build_ctx_970292129/libs/aws/src" to "/fwbuild-volumes/2.1/apps/demo-c/esp32/build_contexts/build_ctx_970292129/libs/aws/src"
mount from "/fwbuild-volumes/2.1/apps/demo-c/esp32/build_contexts/build_ctx_970292129/libs/sntp/src" to "/fwbuild-volumes/2.1/apps/demo-c/esp32/build_contexts/build_ctx_970292129/libs/sntp/src"
mount from "/fwbuild-volumes/2.1/apps/demo-c/esp32/build_contexts/build_ctx_970292129/libs/azure/src" to "/fwbuild-volumes/2.1/apps/demo-c/esp32/build_contexts/build_ctx_970292129/libs/azure/src"
mount from "/fwbuild-volumes/2.1/apps/demo-c/esp32/build_contexts/build_ctx_970292129/libs/bt-common/src" to "/fwbuild-volumes/2.1/apps/demo-c/esp32/build_contexts/build_ctx_970292129/libs/bt-common/src"
mount from "/fwbuild-volumes/2.1/apps/demo-c/esp32/build_contexts/build_ctx_970292129/libs/bt-common/src/esp32" to "/fwbuild-volumes/2.1/apps/demo-c/esp32/build_contexts/build_ctx_970292129/libs/bt-common/src/esp32"
mount from "/fwbuild-volumes/2.1/apps/demo-c/esp32/build_contexts/build_ctx_970292129/libs/bt-service-config/src/esp32" to "/fwbuild-volumes/2.1/apps/demo-c/esp32/build_contexts/build_ctx_970292129/libs/bt-service-config/src/esp32"
mount from "/fwbuild-volumes/2.1/apps/demo-c/esp32/build_contexts/build_ctx_970292129/libs/bt-service-debug/src/esp32" to "/fwbuild-volumes/2.1/apps/demo-c/esp32/build_contexts/build_ctx_970292129/libs/bt-service-debug/src/esp32"
mount from "/fwbuild-volumes/2.1/apps/demo-c/esp32/build_contexts/build_ctx_970292129/libs/ethernet/src" to "/fwbuild-volumes/2.1/apps/demo-c/esp32/build_contexts/build_ctx_970292129/libs/ethernet/src"
mount from "/fwbuild-volumes/2.1/apps/demo-c/esp32/build_contexts/build_ctx_970292129/libs/ethernet/src/esp32" to "/fwbuild-volumes/2.1/apps/demo-c/esp32/build_contexts/build_ctx_970292129/libs/ethernet/src/esp32"
mount from "/fwbuild-volumes/2.1/apps/demo-c/esp32/build_contexts/build_ctx_970292129/libs/wifi/src" to "/fwbuild-volumes/2.1/apps/demo-c/esp32/build_contexts/build_ctx_970292129/libs/wifi/src"
mount from "/fwbuild-volumes/2.1/apps/demo-c/esp32/build_contexts/build_ctx_970292129/libs/wifi/esp32/src" to "/fwbuild-volumes/2.1/apps/demo-c/esp32/build_contexts/build_ctx_970292129/libs/wifi/esp32/src"
mount from "/fwbuild-volumes/2.1/apps/demo-c/esp32/build_contexts/build_ctx_970292129/libs/http-server/src" to "/fwbuild-volumes/2.1/apps/demo-c/esp32/build_contexts/build_ctx_970292129/libs/http-server/src"
mount from "/fwbuild-volumes/2.1/apps/demo-c/esp32/build_contexts/build_ctx_970292129/libs/rpc-common/src/mg_rpc" to "/fwbuild-volumes/2.1/apps/demo-c/esp32/build_contexts/build_ctx_970292129/libs/rpc-common/src/mg_rpc"
mount from "/fwbuild-volumes/2.1/apps/demo-c/esp32/build_contexts/build_ctx_970292129/libs/rpc-common/src" to "/fwbuild-volumes/2.1/apps/demo-c/esp32/build_contexts/build_ctx_970292129/libs/rpc-common/src"
mount from "/fwbuild-volumes/2.1/apps/demo-c/esp32/build_contexts/build_ctx_970292129/libs/dht/src" to "/fwbuild-volumes/2.1/apps/demo-c/esp32/build_contexts/build_ctx_970292129/libs/dht/src"
mount from "/fwbuild-volumes/2.1/apps/demo-c/esp32/build_contexts/build_ctx_970292129/libs/dns-sd/src" to "/fwbuild-volumes/2.1/apps/demo-c/esp32/build_contexts/build_ctx_970292129/libs/dns-sd/src"
mount from "/fwbuild-volumes/2.1/apps/demo-c/esp32/build_contexts/build_ctx_970292129/libs/dns-sd/src/lwip" to "/fwbuild-volumes/2.1/apps/demo-c/esp32/build_contexts/build_ctx_970292129/libs/dns-sd/src/lwip"
mount from "/fwbuild-volumes/2.1/apps/demo-c/esp32/build_contexts/build_ctx_970292129/libs/esp32-touchpad/src" to "/fwbuild-volumes/2.1/apps/demo-c/esp32/build_contexts/build_ctx_970292129/libs/esp32-touchpad/src"
mount from "/fwbuild-volumes/2.1/apps/demo-c/esp32/build_contexts/build_ctx_970292129/libs/gcp/src" to "/fwbuild-volumes/2.1/apps/demo-c/esp32/build_contexts/build_ctx_970292129/libs/gcp/src"
mount from "/fwbuild-volumes/2.1/apps/demo-c/esp32/build_contexts/build_ctx_970292129/libs/neopixel/src" to "/fwbuild-volumes/2.1/apps/demo-c/esp32/build_contexts/build_ctx_970292129/libs/neopixel/src"
mount from "/fwbuild-volumes/2.1/apps/demo-c/esp32/build_contexts/build_ctx_970292129/libs/pppos/src" to "/fwbuild-volumes/2.1/apps/demo-c/esp32/build_contexts/build_ctx_970292129/libs/pppos/src"
mount from "/fwbuild-volumes/2.1/apps/demo-c/esp32/build_contexts/build_ctx_970292129/libs/pwm/src" to "/fwbuild-volumes/2.1/apps/demo-c/esp32/build_contexts/build_ctx_970292129/libs/pwm/src"
mount from "/fwbuild-volumes/2.1/apps/demo-c/esp32/build_contexts/build_ctx_970292129/libs/pwm/src/esp32" to "/fwbuild-volumes/2.1/apps/demo-c/esp32/build_contexts/build_ctx_970292129/libs/pwm/src/esp32"
mount from "/fwbuild-volumes/2.1/apps/demo-c/esp32/build_contexts/build_ctx_970292129/libs/rpc-azure/src" to "/fwbuild-volumes/2.1/apps/demo-c/esp32/build_contexts/build_ctx_970292129/libs/rpc-azure/src"
mount from "/fwbuild-volumes/2.1/apps/demo-c/esp32/build_contexts/build_ctx_970292129/libs/rpc-gatts/src/esp32" to "/fwbuild-volumes/2.1/apps/demo-c/esp32/build_contexts/build_ctx_970292129/libs/rpc-gatts/src/esp32"
mount from "/fwbuild-volumes/2.1/apps/demo-c/esp32/build_contexts/build_ctx_970292129/libs/rpc-loopback/src" to "/fwbuild-volumes/2.1/apps/demo-c/esp32/build_contexts/build_ctx_970292129/libs/rpc-loopback/src"
mount from "/fwbuild-volumes/2.1/apps/demo-c/esp32/build_contexts/build_ctx_970292129/libs/rpc-mqtt/src" to "/fwbuild-volumes/2.1/apps/demo-c/esp32/build_contexts/build_ctx_970292129/libs/rpc-mqtt/src"
mount from "/fwbuild-volumes/2.1/apps/demo-c/esp32/build_contexts/build_ctx_970292129/libs/rpc-service-atca/src" to "/fwbuild-volumes/2.1/apps/demo-c/esp32/build_contexts/build_ctx_970292129/libs/rpc-service-atca/src"
mount from "/fwbuild-volumes/2.1/apps/demo-c/esp32/build_contexts/build_ctx_970292129/libs/rpc-service-config/src" to "/fwbuild-volumes/2.1/apps/demo-c/esp32/build_contexts/build_ctx_970292129/libs/rpc-service-config/src"
mount from "/fwbuild-volumes/2.1/apps/demo-c/esp32/build_contexts/build_ctx_970292129/libs/rpc-service-fs/src" to "/fwbuild-volumes/2.1/apps/demo-c/esp32/build_contexts/build_ctx_970292129/libs/rpc-service-fs/src"
mount from "/fwbuild-volumes/2.1/apps/demo-c/esp32/build_contexts/build_ctx_970292129/libs/rpc-service-gpio/src" to "/fwbuild-volumes/2.1/apps/demo-c/esp32/build_contexts/build_ctx_970292129/libs/rpc-service-gpio/src"
mount from "/fwbuild-volumes/2.1/apps/demo-c/esp32/build_contexts/build_ctx_970292129/libs/rpc-service-i2c/src" to "/fwbuild-volumes/2.1/apps/demo-c/esp32/build_contexts/build_ctx_970292129/libs/rpc-service-i2c/src"
mount from "/fwbuild-volumes/2.1/apps/demo-c/esp32/build_contexts/build_ctx_970292129/libs/rpc-service-wifi/src" to "/fwbuild-volumes/2.1/apps/demo-c/esp32/build_contexts/build_ctx_970292129/libs/rpc-service-wifi/src"
mount from "/fwbuild-volumes/2.1/apps/demo-c/esp32/build_contexts/build_ctx_970292129/libs/rpc-uart/src" to "/fwbuild-volumes/2.1/apps/demo-c/esp32/build_contexts/build_ctx_970292129/libs/rpc-uart/src"
mount from "/fwbuild-volumes/2.1/apps/demo-c/esp32/build_contexts/build_ctx_970292129/libs/spi/src" to "/fwbuild-volumes/2.1/apps/demo-c/esp32/build_contexts/build_ctx_970292129/libs/spi/src"
mount from "/fwbuild-volumes/2.1/apps/demo-c/esp32/build_contexts/build_ctx_970292129/libs/spi/src/esp32" to "/fwbuild-volumes/2.1/apps/demo-c/esp32/build_contexts/build_ctx_970292129/libs/spi/src/esp32"
mount from "/fwbuild-volumes/2.1/apps/demo-c/esp32/build_contexts/build_ctx_970292129/libs/vfs-dev-spi-flash/src" to "/fwbuild-volumes/2.1/apps/demo-c/esp32/build_contexts/build_ctx_970292129/libs/vfs-dev-spi-flash/src"
mount from "/fwbuild-volumes/2.1/apps/demo-c/esp32/build_contexts/build_ctx_970292129/libs/demo-bundle/src" to "/fwbuild-volumes/2.1/apps/demo-c/esp32/build_contexts/build_ctx_970292129/libs/demo-bundle/src"
mount from "/fwbuild-volumes/2.1/apps/demo-c/esp32/build_contexts/build_ctx_970292129/libs/adc/include" to "/fwbuild-volumes/2.1/apps/demo-c/esp32/build_contexts/build_ctx_970292129/libs/adc/include"
mount from "/fwbuild-volumes/2.1/apps/demo-c/esp32/build_contexts/build_ctx_970292129/libs/mongoose/include" to "/fwbuild-volumes/2.1/apps/demo-c/esp32/build_contexts/build_ctx_970292129/libs/mongoose/include"
mount from "/fwbuild-volumes/2.1/apps/demo-c/esp32/build_contexts/build_ctx_970292129/libs/i2c/include" to "/fwbuild-volumes/2.1/apps/demo-c/esp32/build_contexts/build_ctx_970292129/libs/i2c/include"
mount from "/fwbuild-volumes/2.1/apps/demo-c/esp32/build_contexts/build_ctx_970292129/libs/atca/include" to "/fwbuild-volumes/2.1/apps/demo-c/esp32/build_contexts/build_ctx_970292129/libs/atca/include"
mount from "/fwbuild-volumes/2.1/apps/demo-c/esp32/build_contexts/build_ctx_970292129/libs/mqtt/include" to "/fwbuild-volumes/2.1/apps/demo-c/esp32/build_contexts/build_ctx_970292129/libs/mqtt/include"
mount from "/fwbuild-volumes/2.1/apps/demo-c/esp32/build_contexts/build_ctx_970292129/libs/shadow/include" to "/fwbuild-volumes/2.1/apps/demo-c/esp32/build_contexts/build_ctx_970292129/libs/shadow/include"
mount from "/fwbuild-volumes/2.1/apps/demo-c/esp32/build_contexts/build_ctx_970292129/libs/aws/include" to "/fwbuild-volumes/2.1/apps/demo-c/esp32/build_contexts/build_ctx_970292129/libs/aws/include"
mount from "/fwbuild-volumes/2.1/apps/demo-c/esp32/build_contexts/build_ctx_970292129/libs/sntp/include" to "/fwbuild-volumes/2.1/apps/demo-c/esp32/build_contexts/build_ctx_970292129/libs/sntp/include"
mount from "/fwbuild-volumes/2.1/apps/demo-c/esp32/build_contexts/build_ctx_970292129/libs/azure/include" to "/fwbuild-volumes/2.1/apps/demo-c/esp32/build_contexts/build_ctx_970292129/libs/azure/include"
mount from "/fwbuild-volumes/2.1/apps/demo-c/esp32/build_contexts/build_ctx_970292129/libs/bt-common/include" to "/fwbuild-volumes/2.1/apps/demo-c/esp32/build_contexts/build_ctx_970292129/libs/bt-common/include"
mount from "/fwbuild-volumes/2.1/apps/demo-c/esp32/build_contexts/build_ctx_970292129/libs/bt-common/include/esp32" to "/fwbuild-volumes/2.1/apps/demo-c/esp32/build_contexts/build_ctx_970292129/libs/bt-common/include/esp32"
mount from "/fwbuild-volumes/2.1/apps/demo-c/esp32/build_contexts/build_ctx_970292129/libs/wifi/include" to "/fwbuild-volumes/2.1/apps/demo-c/esp32/build_contexts/build_ctx_970292129/libs/wifi/include"
mount from "/fwbuild-volumes/2.1/apps/demo-c/esp32/build_contexts/build_ctx_970292129/libs/wifi/esp32/include" to "/fwbuild-volumes/2.1/apps/demo-c/esp32/build_contexts/build_ctx_970292129/libs/wifi/esp32/include"
mount from "/fwbuild-volumes/2.1/apps/demo-c/esp32/build_contexts/build_ctx_970292129/libs/http-server/include" to "/fwbuild-volumes/2.1/apps/demo-c/esp32/build_contexts/build_ctx_970292129/libs/http-server/include"
mount from "/fwbuild-volumes/2.1/apps/demo-c/esp32/build_contexts/build_ctx_970292129/libs/rpc-common/include/mg_rpc" to "/fwbuild-volumes/2.1/apps/demo-c/esp32/build_contexts/build_ctx_970292129/libs/rpc-common/include/mg_rpc"
mount from "/fwbuild-volumes/2.1/apps/demo-c/esp32/build_contexts/build_ctx_970292129/libs/rpc-common/include" to "/fwbuild-volumes/2.1/apps/demo-c/esp32/build_contexts/build_ctx_970292129/libs/rpc-common/include"
mount from "/fwbuild-volumes/2.1/apps/demo-c/esp32/build_contexts/build_ctx_970292129/libs/dash/include" to "/fwbuild-volumes/2.1/apps/demo-c/esp32/build_contexts/build_ctx_970292129/libs/dash/include"
mount from "/fwbuild-volumes/2.1/apps/demo-c/esp32/build_contexts/build_ctx_970292129/libs/dht/include" to "/fwbuild-volumes/2.1/apps/demo-c/esp32/build_contexts/build_ctx_970292129/libs/dht/include"
mount from "/fwbuild-volumes/2.1/apps/demo-c/esp32/build_contexts/build_ctx_970292129/libs/dns-sd/include" to "/fwbuild-volumes/2.1/apps/demo-c/esp32/build_contexts/build_ctx_970292129/libs/dns-sd/include"
mount from "/fwbuild-volumes/2.1/apps/demo-c/esp32/build_contexts/build_ctx_970292129/libs/gcp/include" to "/fwbuild-volumes/2.1/apps/demo-c/esp32/build_contexts/build_ctx_970292129/libs/gcp/include"
mount from "/fwbuild-volumes/2.1/apps/demo-c/esp32/build_contexts/build_ctx_970292129/libs/neopixel/include" to "/fwbuild-volumes/2.1/apps/demo-c/esp32/build_contexts/build_ctx_970292129/libs/neopixel/include"
mount from "/fwbuild-volumes/2.1/apps/demo-c/esp32/build_contexts/build_ctx_970292129/libs/ota-http-client/include" to "/fwbuild-volumes/2.1/apps/demo-c/esp32/build_contexts/build_ctx_970292129/libs/ota-http-client/include"
mount from "/fwbuild-volumes/2.1/apps/demo-c/esp32/build_contexts/build_ctx_970292129/libs/ota-http-server/include" to "/fwbuild-volumes/2.1/apps/demo-c/esp32/build_contexts/build_ctx_970292129/libs/ota-http-server/include"
mount from "/fwbuild-volumes/2.1/apps/demo-c/esp32/build_contexts/build_ctx_970292129/libs/pppos/include" to "/fwbuild-volumes/2.1/apps/demo-c/esp32/build_contexts/build_ctx_970292129/libs/pppos/include"
mount from "/fwbuild-volumes/2.1/apps/demo-c/esp32/build_contexts/build_ctx_970292129/libs/pwm/include" to "/fwbuild-volumes/2.1/apps/demo-c/esp32/build_contexts/build_ctx_970292129/libs/pwm/include"
mount from "/fwbuild-volumes/2.1/apps/demo-c/esp32/build_contexts/build_ctx_970292129/libs/rpc-loopback/include" to "/fwbuild-volumes/2.1/apps/demo-c/esp32/build_contexts/build_ctx_970292129/libs/rpc-loopback/include"
mount from "/fwbuild-volumes/2.1/apps/demo-c/esp32/build_contexts/build_ctx_970292129/libs/rpc-mqtt/include" to "/fwbuild-volumes/2.1/apps/demo-c/esp32/build_contexts/build_ctx_970292129/libs/rpc-mqtt/include"
mount from "/fwbuild-volumes/2.1/apps/demo-c/esp32/build_contexts/build_ctx_970292129/libs/rpc-service-config/include" to "/fwbuild-volumes/2.1/apps/demo-c/esp32/build_contexts/build_ctx_970292129/libs/rpc-service-config/include"
mount from "/fwbuild-volumes/2.1/apps/demo-c/esp32/build_contexts/build_ctx_970292129/libs/rpc-service-fs/include" to "/fwbuild-volumes/2.1/apps/demo-c/esp32/build_contexts/build_ctx_970292129/libs/rpc-service-fs/include"
mount from "/fwbuild-volumes/2.1/apps/demo-c/esp32/build_contexts/build_ctx_970292129/libs/rpc-service-gpio/include" to "/fwbuild-volumes/2.1/apps/demo-c/esp32/build_contexts/build_ctx_970292129/libs/rpc-service-gpio/include"
mount from "/fwbuild-volumes/2.1/apps/demo-c/esp32/build_contexts/build_ctx_970292129/libs/rpc-service-i2c/include" to "/fwbuild-volumes/2.1/apps/demo-c/esp32/build_contexts/build_ctx_970292129/libs/rpc-service-i2c/include"
mount from "/fwbuild-volumes/2.1/apps/demo-c/esp32/build_contexts/build_ctx_970292129/libs/rpc-service-ota/include" to "/fwbuild-volumes/2.1/apps/demo-c/esp32/build_contexts/build_ctx_970292129/libs/rpc-service-ota/include"
mount from "/fwbuild-volumes/2.1/apps/demo-c/esp32/build_contexts/build_ctx_970292129/libs/rpc-uart/include" to "/fwbuild-volumes/2.1/apps/demo-c/esp32/build_contexts/build_ctx_970292129/libs/rpc-uart/include"
mount from "/fwbuild-volumes/2.1/apps/demo-c/esp32/build_contexts/build_ctx_970292129/libs/spi/include" to "/fwbuild-volumes/2.1/apps/demo-c/esp32/build_contexts/build_ctx_970292129/libs/spi/include"
mount from "/fwbuild-volumes/2.1/apps/demo-c/esp32/build_contexts/build_ctx_970292129/libs/vfs-dev-spi-flash/include" to "/fwbuild-volumes/2.1/apps/demo-c/esp32/build_contexts/build_ctx_970292129/libs/vfs-dev-spi-flash/include"
mount from "/fwbuild-volumes/2.1/apps/demo-c/esp32/build_contexts/build_ctx_970292129/libs/ca-bundle/fs" to "/fwbuild-volumes/2.1/apps/demo-c/esp32/build_contexts/build_ctx_970292129/libs/ca-bundle/fs"
mount from "/fwbuild-volumes/2.1/apps/demo-c/esp32/build_contexts/build_ctx_970292129/fs" to "/fwbuild-volumes/2.1/apps/demo-c/esp32/build_contexts/build_ctx_970292129/fs"
mount from "/fwbuild-volumes/2.1/apps/demo-c/esp32/build_contexts/build_ctx_970292129/libs/mongoose/lib/esp32" to "/fwbuild-volumes/2.1/apps/demo-c/esp32/build_contexts/build_ctx_970292129/libs/mongoose/lib/esp32"
mount from "/fwbuild-volumes/2.1/apps/demo-c/esp32/build_contexts/build_ctx_970292129/libs/ota-shadow/lib/esp32" to "/fwbuild-volumes/2.1/apps/demo-c/esp32/build_contexts/build_ctx_970292129/libs/ota-shadow/lib/esp32"
mount from "/fwbuild-volumes/2.1/apps/demo-c/esp32/build_contexts/build_ctx_970292129/libs/dash/lib/esp32" to "/fwbuild-volumes/2.1/apps/demo-c/esp32/build_contexts/build_ctx_970292129/libs/dash/lib/esp32"
mount from "/fwbuild-volumes/2.1/apps/demo-c/esp32/build_contexts/build_ctx_970292129/libs/ota-http-client/lib/esp32" to "/fwbuild-volumes/2.1/apps/demo-c/esp32/build_contexts/build_ctx_970292129/libs/ota-http-client/lib/esp32"
mount from "/fwbuild-volumes/2.1/apps/demo-c/esp32/build_contexts/build_ctx_970292129/libs/ota-http-server/lib/esp32" to "/fwbuild-volumes/2.1/apps/demo-c/esp32/build_contexts/build_ctx_970292129/libs/ota-http-server/lib/esp32"
mount from "/fwbuild-volumes/2.1/apps/demo-c/esp32/build_contexts/build_ctx_970292129/libs/rpc-service-ota/lib/esp32" to "/fwbuild-volumes/2.1/apps/demo-c/esp32/build_contexts/build_ctx_970292129/libs/rpc-service-ota/lib/esp32"
mount from "/fwbuild-volumes/2.1/apps/demo-c/esp32/build_contexts/build_ctx_970292129/build/gen" to "/fwbuild-volumes/2.1/apps/demo-c/esp32/build_contexts/build_ctx_970292129/build/gen"
Docker arguments: run --name mos_build_2018-05-13T01-41-28-00_4280430889909447941 --rm -i -v /fwbuild-volumes/2.1/apps/demo-c/esp32/build_contexts/build_ctx_970292129/src:/fwbuild-volumes/2.1/apps/demo-c/esp32/build_contexts/build_ctx_970292129/src -v /fwbuild-volumes/2.1/apps/demo-c/esp32/build_contexts/build_ctx_970292129/libs/wifi/esp32/src:/fwbuild-volumes/2.1/apps/demo-c/esp32/build_contexts/build_ctx_970292129/libs/wifi/esp32/src -v /fwbuild-volumes/2.1/apps/demo-c/esp32/build_contexts/build_ctx_970292129/libs/esp32-touchpad/src:/fwbuild-volumes/2.1/apps/demo-c/esp32/build_contexts/build_ctx_970292129/libs/esp32-touchpad/src -v /fwbuild-volumes/2.1/apps/demo-c/esp32/build_contexts/build_ctx_970292129/libs/rpc-azure/src:/fwbuild-volumes/2.1/apps/demo-c/esp32/build_contexts/build_ctx_970292129/libs/rpc-azure/src -v /fwbuild-volumes/2.1/apps/demo-c/esp32/build_contexts/build_ctx_970292129/libs/bt-service-debug/src/esp32:/fwbuild-volumes/2.1/apps/demo-c/esp32/build_contexts/build_ctx_970292129/libs/bt-service-debug/src/esp32 -v /fwbuild-volumes/2.1/apps/demo-c/esp32/build_contexts/build_ctx_970292129/libs/dns-sd/src:/fwbuild-volumes/2.1/apps/demo-c/esp32/build_contexts/build_ctx_970292129/libs/dns-sd/src -v /fwbuild-volumes/2.1/apps/demo-c/esp32/build_contexts/build_ctx_970292129/libs/i2c/include:/fwbuild-volumes/2.1/apps/demo-c/esp32/build_contexts/build_ctx_970292129/libs/i2c/include -v /fwbuild-volumes/2.1/apps/demo-c/esp32/build_contexts/build_ctx_970292129/libs/rpc-service-i2c/include:/fwbuild-volumes/2.1/apps/demo-c/esp32/build_contexts/build_ctx_970292129/libs/rpc-service-i2c/include -v /fwbuild-volumes/2.1/apps/demo-c/esp32/build_contexts/build_ctx_970292129/libs/spi/include:/fwbuild-volumes/2.1/apps/demo-c/esp32/build_contexts/build_ctx_970292129/libs/spi/include -v /fwbuild-volumes/2.1/apps/demo-c/esp32/build_contexts/build_ctx_970292129/libs/i2c/src:/fwbuild-volumes/2.1/apps/demo-c/esp32/build_contexts/build_ctx_970292129/libs/i2c/src -v /fwbuild-volumes/2.1/apps/demo-c/esp32/build_contexts/build_ctx_970292129/libs/bt-common/src:/fwbuild-volumes/2.1/apps/demo-c/esp32/build_contexts/build_ctx_970292129/libs/bt-common/src -v /fwbuild-volumes/2.1/apps/demo-c/esp32/build_contexts/build_ctx_970292129/libs/bt-common/src/esp32:/fwbuild-volumes/2.1/apps/demo-c/esp32/build_contexts/build_ctx_970292129/libs/bt-common/src/esp32 -v /fwbuild-volumes/2.1/apps/demo-c/esp32/build_contexts/build_ctx_970292129/libs/dht/src:/fwbuild-volumes/2.1/apps/demo-c/esp32/build_contexts/build_ctx_970292129/libs/dht/src -v /fwbuild-volumes/2.1/apps/demo-c/esp32/build_contexts/build_ctx_970292129/libs/bt-common/include:/fwbuild-volumes/2.1/apps/demo-c/esp32/build_contexts/build_ctx_970292129/libs/bt-common/include -v /fwbuild-volumes/2.1/apps/demo-c/esp32/build_contexts/build_ctx_970292129/libs/rpc-service-config/include:/fwbuild-volumes/2.1/apps/demo-c/esp32/build_contexts/build_ctx_970292129/libs/rpc-service-config/include -v /fwbuild-volumes/2.1/apps/demo-c/esp32/build_contexts/build_ctx_970292129/libs/ota-http-client/lib/esp32:/fwbuild-volumes/2.1/apps/demo-c/esp32/build_contexts/build_ctx_970292129/libs/ota-http-client/lib/esp32 -v /fwbuild-volumes/2.1/apps/demo-c/esp32/build_contexts/build_ctx_970292129/libs/ota-http-server/lib/esp32:/fwbuild-volumes/2.1/apps/demo-c/esp32/build_contexts/build_ctx_970292129/libs/ota-http-server/lib/esp32 -v /fwbuild-volumes/2.1/apps/demo-c/esp32/build_contexts/build_ctx_970292129/libs/pwm/src:/fwbuild-volumes/2.1/apps/demo-c/esp32/build_contexts/build_ctx_970292129/libs/pwm/src -v /fwbuild-volumes/2.1/apps/demo-c/esp32/build_contexts/build_ctx_970292129/libs/vfs-dev-spi-flash/src:/fwbuild-volumes/2.1/apps/demo-c/esp32/build_contexts/build_ctx_970292129/libs/vfs-dev-spi-flash/src -v /fwbuild-volumes/2.1/apps/demo-c/esp32/build_contexts/build_ctx_970292129/libs/adc/include:/fwbuild-volumes/2.1/apps/demo-c/esp32/build_contexts/build_ctx_970292129/libs/adc/include -v /fwbuild-volumes/2.1/apps/demo-c/esp32/build_contexts/build_ctx_970292129/libs/rpc-service-fs/include:/fwbuild-volumes/2.1/apps/demo-c/esp32/build_contexts/build_ctx_970292129/libs/rpc-service-fs/include -v /fwbuild-volumes/2.1/apps/demo-c/esp32/build_contexts/build_ctx_970292129/libs/ca-bundle/fs:/fwbuild-volumes/2.1/apps/demo-c/esp32/build_contexts/build_ctx_970292129/libs/ca-bundle/fs -v /fwbuild-volumes/2.1/apps/demo-c/esp32/build_contexts/build_ctx_970292129/fs:/fwbuild-volumes/2.1/apps/demo-c/esp32/build_contexts/build_ctx_970292129/fs -v /fwbuild-volumes/2.1/apps/demo-c/esp32/build_contexts/build_ctx_970292129/libs/gcp/include:/fwbuild-volumes/2.1/apps/demo-c/esp32/build_contexts/build_ctx_970292129/libs/gcp/include -v /fwbuild-volumes/2.1/apps/demo-c/esp32/build_contexts/build_ctx_970292129/libs/pppos/include:/fwbuild-volumes/2.1/apps/demo-c/esp32/build_contexts/build_ctx_970292129/libs/pppos/include -v /fwbuild-volumes/2.1/apps/demo-c/esp32/build_contexts/build_ctx_970292129/build/gen:/fwbuild-volumes/2.1/apps/demo-c/esp32/build_contexts/build_ctx_970292129/build/gen -v /fwbuild-volumes/2.1/apps/demo-c/esp32/build_contexts/build_ctx_970292129/libs/atca/src:/fwbuild-volumes/2.1/apps/demo-c/esp32/build_contexts/build_ctx_970292129/libs/atca/src -v /fwbuild-volumes/2.1/apps/demo-c/esp32/build_contexts/build_ctx_970292129/libs/rpc-mqtt/src:/fwbuild-volumes/2.1/apps/demo-c/esp32/build_contexts/build_ctx_970292129/libs/rpc-mqtt/src -v /fwbuild-volumes/2.1/apps/demo-c/esp32/build_contexts/build_ctx_970292129/libs/rpc-service-wifi/src:/fwbuild-volumes/2.1/apps/demo-c/esp32/build_contexts/build_ctx_970292129/libs/rpc-service-wifi/src -v /fwbuild-volumes/2.1/apps/demo-c/esp32/build_contexts/build_ctx_970292129/libs/spi/src:/fwbuild-volumes/2.1/apps/demo-c/esp32/build_contexts/build_ctx_970292129/libs/spi/src -v /fwbuild-volumes/2.1/apps/demo-c/esp32/build_contexts/build_ctx_970292129/libs/dash/include:/fwbuild-volumes/2.1/apps/demo-c/esp32/build_contexts/build_ctx_970292129/libs/dash/include -v /fwbuild-volumes/2.1/apps/demo-c/esp32/build_contexts/build_ctx_970292129/libs/wifi/src:/fwbuild-volumes/2.1/apps/demo-c/esp32/build_contexts/build_ctx_970292129/libs/wifi/src -v /fwbuild-volumes/2.1/apps/demo-c/esp32/build_contexts/build_ctx_970292129/libs/spi/src/esp32:/fwbuild-volumes/2.1/apps/demo-c/esp32/build_contexts/build_ctx_970292129/libs/spi/src/esp32 -v /fwbuild-volumes/2.1/apps/demo-c/esp32/build_contexts/build_ctx_970292129/libs/i2c/esp32/src:/fwbuild-volumes/2.1/apps/demo-c/esp32/build_contexts/build_ctx_970292129/libs/i2c/esp32/src -v /fwbuild-volumes/2.1/apps/demo-c/esp32/build_contexts/build_ctx_970292129/libs/http-server/src:/fwbuild-volumes/2.1/apps/demo-c/esp32/build_contexts/build_ctx_970292129/libs/http-server/src -v /fwbuild-volumes/2.1/apps/demo-c/esp32/build_contexts/build_ctx_970292129/libs/rpc-service-fs/src:/fwbuild-volumes/2.1/apps/demo-c/esp32/build_contexts/build_ctx_970292129/libs/rpc-service-fs/src -v /fwbuild-volumes/2.1/apps/demo-c/esp32/build_contexts/build_ctx_970292129/libs/mqtt/include:/fwbuild-volumes/2.1/apps/demo-c/esp32/build_contexts/build_ctx_970292129/libs/mqtt/include -v /fwbuild-volumes/2.1/apps/demo-c/esp32/build_contexts/build_ctx_970292129/libs/shadow/src:/fwbuild-volumes/2.1/apps/demo-c/esp32/build_contexts/build_ctx_970292129/libs/shadow/src -v /fwbuild-volumes/2.1/apps/demo-c/esp32/build_contexts/build_ctx_970292129/libs/ethernet/src:/fwbuild-volumes/2.1/apps/demo-c/esp32/build_contexts/build_ctx_970292129/libs/ethernet/src -v /fwbuild-volumes/2.1/apps/demo-c/esp32/build_contexts/build_ctx_970292129/libs/ota-http-client/include:/fwbuild-volumes/2.1/apps/demo-c/esp32/build_contexts/build_ctx_970292129/libs/ota-http-client/include -v /fwbuild-volumes/2.1/apps/demo-c/esp32/build_contexts/build_ctx_970292129/libs/ota-http-server/include:/fwbuild-volumes/2.1/apps/demo-c/esp32/build_contexts/build_ctx_970292129/libs/ota-http-server/include -v /fwbuild-volumes/2.1/apps/demo-c/esp32/build_contexts/build_ctx_970292129/libs/rpc-uart/include:/fwbuild-volumes/2.1/apps/demo-c/esp32/build_contexts/build_ctx_970292129/libs/rpc-uart/include -v /fwbuild-volumes/2.1/apps/demo-c/esp32/build_contexts/build_ctx_970292129/modules/mongoose-os:/mongoose-os -v /fwbuild-volumes/2.1/apps/demo-c/esp32/build_contexts/build_ctx_970292129/build:/fwbuild-volumes/2.1/apps/demo-c/esp32/build_contexts/build_ctx_970292129/build -v /fwbuild-volumes/2.1/apps/demo-c/esp32/build_contexts/build_ctx_970292129/libs/ethernet/src/esp32:/fwbuild-volumes/2.1/apps/demo-c/esp32/build_contexts/build_ctx_970292129/libs/ethernet/src/esp32 -v /fwbuild-volumes/2.1/apps/demo-c/esp32/build_contexts/build_ctx_970292129/libs/rpc-service-i2c/src:/fwbuild-volumes/2.1/apps/demo-c/esp32/build_contexts/build_ctx_970292129/libs/rpc-service-i2c/src -v /fwbuild-volumes/2.1/apps/demo-c/esp32/build_contexts/build_ctx_970292129/libs/mongoose/include:/fwbuild-volumes/2.1/apps/demo-c/esp32/build_contexts/build_ctx_970292129/libs/mongoose/include -v /fwbuild-volumes/2.1/apps/demo-c/esp32/build_contexts/build_ctx_970292129/libs/pwm/include:/fwbuild-volumes/2.1/apps/demo-c/esp32/build_contexts/build_ctx_970292129/libs/pwm/include -v /fwbuild-volumes/2.1/apps/demo-c/esp32/build_contexts/build_ctx_970292129/libs/rpc-gatts/src/esp32:/fwbuild-volumes/2.1/apps/demo-c/esp32/build_contexts/build_ctx_970292129/libs/rpc-gatts/src/esp32 -v /fwbuild-volumes/2.1/apps/demo-c/esp32/build_contexts/build_ctx_970292129/libs/rpc-uart/src:/fwbuild-volumes/2.1/apps/demo-c/esp32/build_contexts/build_ctx_970292129/libs/rpc-uart/src -v /fwbuild-volumes/2.1/apps/demo-c/esp32/build_contexts/build_ctx_970292129/libs/rpc-mqtt/include:/fwbuild-volumes/2.1/apps/demo-c/esp32/build_contexts/build_ctx_970292129/libs/rpc-mqtt/include -v /fwbuild-volumes/2.1/apps/demo-c/esp32/build_contexts/build_ctx_970292129/libs/rpc-service-ota/lib/esp32:/fwbuild-volumes/2.1/apps/demo-c/esp32/build_contexts/build_ctx_970292129/libs/rpc-service-ota/lib/esp32 -v /fwbuild-volumes/2.1/apps/demo-c/esp32/build_contexts/build_ctx_970292129/libs/bt-common/include/esp32:/fwbuild-volumes/2.1/apps/demo-c/esp32/build_contexts/build_ctx_970292129/libs/bt-common/include/esp32 -v /fwbuild-volumes/2.1/apps/demo-c/esp32/build_contexts/build_ctx_970292129/libs/wifi/include:/fwbuild-volumes/2.1/apps/demo-c/esp32/build_contexts/build_ctx_970292129/libs/wifi/include -v /fwbuild-volumes/2.1/apps/demo-c/esp32/build_contexts/build_ctx_970292129:/app -v /fwbuild-volumes/2.1/apps/demo-c/esp32/build_contexts/build_ctx_970292129/libs/mqtt/src:/fwbuild-volumes/2.1/apps/demo-c/esp32/build_contexts/build_ctx_970292129/libs/mqtt/src -v /fwbuild-volumes/2.1/apps/demo-c/esp32/build_contexts/build_ctx_970292129/libs/bt-service-config/src/esp32:/fwbuild-volumes/2.1/apps/demo-c/esp32/build_contexts/build_ctx_970292129/libs/bt-service-config/src/esp32 -v /fwbuild-volumes/2.1/apps/demo-c/esp32/build_contexts/build_ctx_970292129/libs/pppos/src:/fwbuild-volumes/2.1/apps/demo-c/esp32/build_contexts/build_ctx_970292129/libs/pppos/src -v /fwbuild-volumes/2.1/apps/demo-c/esp32/build_contexts/build_ctx_970292129/libs/rpc-loopback/src:/fwbuild-volumes/2.1/apps/demo-c/esp32/build_contexts/build_ctx_970292129/libs/rpc-loopback/src -v /fwbuild-volumes/2.1/apps/demo-c/esp32/build_contexts/build_ctx_970292129/libs/shadow/include:/fwbuild-volumes/2.1/apps/demo-c/esp32/build_contexts/build_ctx_970292129/libs/shadow/include -v /fwbuild-volumes/2.1/apps/demo-c/esp32/build_contexts/build_ctx_970292129/libs/rpc-common/include/mg_rpc:/fwbuild-volumes/2.1/apps/demo-c/esp32/build_contexts/build_ctx_970292129/libs/rpc-common/include/mg_rpc -v /fwbuild-volumes/2.1/apps/demo-c/esp32/build_contexts/build_ctx_970292129/libs/dns-sd/include:/fwbuild-volumes/2.1/apps/demo-c/esp32/build_contexts/build_ctx_970292129/libs/dns-sd/include -v /fwbuild-volumes/2.1/apps/demo-c/esp32/build_contexts/build_ctx_970292129/libs/dht/include:/fwbuild-volumes/2.1/apps/demo-c/esp32/build_contexts/build_ctx_970292129/libs/dht/include -v /fwbuild-volumes/2.1/apps/demo-c/esp32/build_contexts/build_ctx_970292129/libs/neopixel/include:/fwbuild-volumes/2.1/apps/demo-c/esp32/build_contexts/build_ctx_970292129/libs/neopixel/include -v /fwbuild-volumes/2.1/apps/demo-c/esp32/build_contexts/build_ctx_970292129/libs/adc/esp32/src:/fwbuild-volumes/2.1/apps/demo-c/esp32/build_contexts/build_ctx_970292129/libs/adc/esp32/src -v /fwbuild-volumes/2.1/apps/demo-c/esp32/build_contexts/build_ctx_970292129/libs/azure/src:/fwbuild-volumes/2.1/apps/demo-c/esp32/build_contexts/build_ctx_970292129/libs/azure/src -v /fwbuild-volumes/2.1/apps/demo-c/esp32/build_contexts/build_ctx_970292129/libs/pwm/src/esp32:/fwbuild-volumes/2.1/apps/demo-c/esp32/build_contexts/build_ctx_970292129/libs/pwm/src/esp32 -v /fwbuild-volumes/2.1/apps/demo-c/esp32/build_contexts/build_ctx_970292129/libs/rpc-service-config/src:/fwbuild-volumes/2.1/apps/demo-c/esp32/build_contexts/build_ctx_970292129/libs/rpc-service-config/src -v /fwbuild-volumes/2.1/apps/demo-c/esp32/build_contexts/build_ctx_970292129/libs/demo-bundle/src:/fwbuild-volumes/2.1/apps/demo-c/esp32/build_contexts/build_ctx_970292129/libs/demo-bundle/src -v /fwbuild-volumes/2.1/apps/demo-c/esp32/build_contexts/build_ctx_970292129/libs/rpc-common/include:/fwbuild-volumes/2.1/apps/demo-c/esp32/build_contexts/build_ctx_970292129/libs/rpc-common/include -v /fwbuild-volumes/2.1/apps/demo-c/esp32/build_contexts/build_ctx_970292129/libs/ota-shadow/lib/esp32:/fwbuild-volumes/2.1/apps/demo-c/esp32/build_contexts/build_ctx_970292129/libs/ota-shadow/lib/esp32 -v /fwbuild-volumes/2.1/apps/demo-c/esp32/build_contexts/build_ctx_970292129/libs/dash/lib/esp32:/fwbuild-volumes/2.1/apps/demo-c/esp32/build_contexts/build_ctx_970292129/libs/dash/lib/esp32 -v /fwbuild-volumes/2.1/apps/demo-c/esp32/build_contexts/build_ctx_970292129/modules/mongoose-os:/fwbuild-volumes/2.1/apps/demo-c/esp32/build_contexts/build_ctx_970292129/modules/mongoose-os -v /fwbuild-volumes/2.1/apps/demo-c/esp32/build_contexts/build_ctx_970292129/libs/aws/src:/fwbuild-volumes/2.1/apps/demo-c/esp32/build_contexts/build_ctx_970292129/libs/aws/src -v /fwbuild-volumes/2.1/apps/demo-c/esp32/build_contexts/build_ctx_970292129/libs/rpc-service-atca/src:/fwbuild-volumes/2.1/apps/demo-c/esp32/build_contexts/build_ctx_970292129/libs/rpc-service-atca/src -v /fwbuild-volumes/2.1/apps/demo-c/esp32/build_contexts/build_ctx_970292129/libs/aws/include:/fwbuild-volumes/2.1/apps/demo-c/esp32/build_contexts/build_ctx_970292129/libs/aws/include -v /fwbuild-volumes/2.1/apps/demo-c/esp32/build_contexts/build_ctx_970292129/libs/http-server/include:/fwbuild-volumes/2.1/apps/demo-c/esp32/build_contexts/build_ctx_970292129/libs/http-server/include -v /fwbuild-volumes/2.1/apps/demo-c/esp32/build_contexts/build_ctx_970292129/libs/rpc-loopback/include:/fwbuild-volumes/2.1/apps/demo-c/esp32/build_contexts/build_ctx_970292129/libs/rpc-loopback/include -v /fwbuild-volumes/2.1/apps/demo-c/esp32/build_contexts/build_ctx_970292129/libs/vfs-dev-spi-flash/include:/fwbuild-volumes/2.1/apps/demo-c/esp32/build_contexts/build_ctx_970292129/libs/vfs-dev-spi-flash/include -v /fwbuild-volumes/2.1/apps/demo-c/esp32/build_contexts/build_ctx_970292129/libs/sntp/src:/fwbuild-volumes/2.1/apps/demo-c/esp32/build_contexts/build_ctx_970292129/libs/sntp/src -v /fwbuild-volumes/2.1/apps/demo-c/esp32/build_contexts/build_ctx_970292129/libs/rpc-common/src:/fwbuild-volumes/2.1/apps/demo-c/esp32/build_contexts/build_ctx_970292129/libs/rpc-common/src -v /fwbuild-volumes/2.1/apps/demo-c/esp32/build_contexts/build_ctx_970292129/libs/gcp/src:/fwbuild-volumes/2.1/apps/demo-c/esp32/build_contexts/build_ctx_970292129/libs/gcp/src -v /fwbuild-volumes/2.1/apps/demo-c/esp32/build_contexts/build_ctx_970292129/libs/atca/include:/fwbuild-volumes/2.1/apps/demo-c/esp32/build_contexts/build_ctx_970292129/libs/atca/include -v /fwbuild-volumes/2.1/apps/demo-c/esp32/build_contexts/build_ctx_970292129/libs/azure/include:/fwbuild-volumes/2.1/apps/demo-c/esp32/build_contexts/build_ctx_970292129/libs/azure/include -v /fwbuild-volumes/2.1/apps/demo-c/esp32/build_contexts/build_ctx_970292129/libs/wifi/esp32/include:/fwbuild-volumes/2.1/apps/demo-c/esp32/build_contexts/build_ctx_970292129/libs/wifi/esp32/include -v /fwbuild-volumes/2.1/apps/demo-c/esp32/build_contexts/build_ctx_970292129/libs/ca-bundle/src:/fwbuild-volumes/2.1/apps/demo-c/esp32/build_contexts/build_ctx_970292129/libs/ca-bundle/src -v /fwbuild-volumes/2.1/apps/demo-c/esp32/build_contexts/build_ctx_970292129/libs/rpc-service-gpio/src:/fwbuild-volumes/2.1/apps/demo-c/esp32/build_contexts/build_ctx_970292129/libs/rpc-service-gpio/src -v /fwbuild-volumes/2.1/apps/demo-c/esp32/build_contexts/build_ctx_970292129/libs/rpc-service-ota/include:/fwbuild-volumes/2.1/apps/demo-c/esp32/build_contexts/build_ctx_970292129/libs/rpc-service-ota/include -v /fwbuild-volumes/2.1/apps/demo-c/esp32/build_contexts/build_ctx_970292129/libs/rpc-common/src/mg_rpc:/fwbuild-volumes/2.1/apps/demo-c/esp32/build_contexts/build_ctx_970292129/libs/rpc-common/src/mg_rpc -v /fwbuild-volumes/2.1/apps/demo-c/esp32/build_contexts/build_ctx_970292129/libs/dns-sd/src/lwip:/fwbuild-volumes/2.1/apps/demo-c/esp32/build_contexts/build_ctx_970292129/libs/dns-sd/src/lwip -v /fwbuild-volumes/2.1/apps/demo-c/esp32/build_contexts/build_ctx_970292129/libs/neopixel/src:/fwbuild-volumes/2.1/apps/demo-c/esp32/build_contexts/build_ctx_970292129/libs/neopixel/src -v /fwbuild-volumes/2.1/apps/demo-c/esp32/build_contexts/build_ctx_970292129/libs/sntp/include:/fwbuild-volumes/2.1/apps/demo-c/esp32/build_contexts/build_ctx_970292129/libs/sntp/include -v /fwbuild-volumes/2.1/apps/demo-c/esp32/build_contexts/build_ctx_970292129/libs/rpc-service-gpio/include:/fwbuild-volumes/2.1/apps/demo-c/esp32/build_contexts/build_ctx_970292129/libs/rpc-service-gpio/include -v /fwbuild-volumes/2.1/apps/demo-c/esp32/build_contexts/build_ctx_970292129/libs/mongoose/lib/esp32:/fwbuild-volumes/2.1/apps/demo-c/esp32/build_contexts/build_ctx_970292129/libs/mongoose/lib/esp32 --user 0:0 docker.cesanta.com/esp32-build:3.0-rc1-r7 /bin/bash -c nice make '-j' '16' '-C' '/app' '-f' '/mongoose-os/fw/platforms/esp32/Makefile.build' 'all' 'MGOS_HAVE_CA_BUNDLE=1' 'MGOS_HAVE_HTTP_SERVER=1' 'PLATFORM=esp32' 'APP_SOURCES=/fwbuild-volumes/2.1/apps/demo-c/esp32/build_contexts/build_ctx_970292129/src/main.c /fwbuild-volumes/2.1/apps/demo-c/esp32/build_contexts/build_ctx_970292129/build/gen/mgos_deps_init.c /fwbuild-volumes/2.1/apps/demo-c/esp32/build_contexts/build_ctx_970292129/libs/adc/esp32/src/esp32_adc.c /fwbuild-volumes/2.1/apps/demo-c/esp32/build_contexts/build_ctx_970292129/libs/i2c/src/mgos_i2c.c /fwbuild-volumes/2.1/apps/demo-c/esp32/build_contexts/build_ctx_970292129/libs/i2c/esp32/src/esp32_i2c_master.c /fwbuild-volumes/2.1/apps/demo-c/esp32/build_contexts/build_ctx_970292129/libs/atca/src/mgos_atca.c /fwbuild-volumes/2.1/apps/demo-c/esp32/build_contexts/build_ctx_970292129/libs/ca-bundle/src/mgos_ca_bundle.c /fwbuild-volumes/2.1/apps/demo-c/esp32/build_contexts/build_ctx_970292129/libs/mqtt/src/mgos_mqtt.c /fwbuild-volumes/2.1/apps/demo-c/esp32/build_contexts/build_ctx_970292129/libs/shadow/src/mgos_shadow.c /fwbuild-volumes/2.1/apps/demo-c/esp32/build_contexts/build_ctx_970292129/libs/aws/src/mgos_aws.c /fwbuild-volumes/2.1/apps/demo-c/esp32/build_contexts/build_ctx_970292129/libs/aws/src/mgos_aws_greengrass.c /fwbuild-volumes/2.1/apps/demo-c/esp32/build_contexts/build_ctx_970292129/libs/aws/src/mgos_aws_shadow.c /fwbuild-volumes/2.1/apps/demo-c/esp32/build_contexts/build_ctx_970292129/libs/sntp/src/mgos_sntp.c /fwbuild-volumes/2.1/apps/demo-c/esp32/build_contexts/build_ctx_970292129/libs/azure/src/mgos_azure.c /fwbuild-volumes/2.1/apps/demo-c/esp32/build_contexts/build_ctx_970292129/libs/azure/src/mgos_azure_cm.c /fwbuild-volumes/2.1/apps/demo-c/esp32/build_contexts/build_ctx_970292129/libs/azure/src/mgos_azure_dm.c /fwbuild-volumes/2.1/apps/demo-c/esp32/build_contexts/build_ctx_970292129/libs/azure/src/mgos_azure_sas.c /fwbuild-volumes/2.1/apps/demo-c/esp32/build_contexts/build_ctx_970292129/libs/azure/src/mgos_azure_shadow.c /fwbuild-volumes/2.1/apps/demo-c/esp32/build_contexts/build_ctx_970292129/libs/bt-common/src/mgos_bt.c /fwbuild-volumes/2.1/apps/demo-c/esp32/build_contexts/build_ctx_970292129/libs/bt-common/src/mgos_bt_gap.c /fwbuild-volumes/2.1/apps/demo-c/esp32/build_contexts/build_ctx_970292129/libs/bt-common/src/esp32/esp32_bt.c /fwbuild-volumes/2.1/apps/demo-c/esp32/build_contexts/build_ctx_970292129/libs/bt-common/src/esp32/esp32_bt_gap.c /fwbuild-volumes/2.1/apps/demo-c/esp32/build_contexts/build_ctx_970292129/libs/bt-common/src/esp32/esp32_bt_gattc.c /fwbuild-volumes/2.1/apps/demo-c/esp32/build_contexts/build_ctx_970292129/libs/bt-common/src/esp32/esp32_bt_gatts.c /fwbuild-volumes/2.1/apps/demo-c/esp32/build_contexts/build_ctx_970292129/libs/bt-service-config/src/esp32/esp32_bt_svc_config.c /fwbuild-volumes/2.1/apps/demo-c/esp32/build_contexts/build_ctx_970292129/libs/bt-service-debug/src/esp32/esp32_bt_svc_debug.c /fwbuild-volumes/2.1/apps/demo-c/esp32/build_contexts/build_ctx_970292129/libs/ethernet/src/mgos_eth.c /fwbuild-volumes/2.1/apps/demo-c/esp32/build_contexts/build_ctx_970292129/libs/ethernet/src/esp32/esp32_eth.c /fwbuild-volumes/2.1/apps/demo-c/esp32/build_contexts/build_ctx_970292129/libs/wifi/src/mgos_wifi.c /fwbuild-volumes/2.1/apps/demo-c/esp32/build_contexts/build_ctx_970292129/libs/wifi/src/mjs_wifi.c /fwbuild-volumes/2.1/apps/demo-c/esp32/build_contexts/build_ctx_970292129/libs/wifi/esp32/src/esp32_wifi.c /fwbuild-volumes/2.1/apps/demo-c/esp32/build_contexts/build_ctx_970292129/libs/http-server/src/mgos_http_server.c /fwbuild-volumes/2.1/apps/demo-c/esp32/build_contexts/build_ctx_970292129/libs/rpc-common/src/mg_rpc/mg_rpc.c /fwbuild-volumes/2.1/apps/demo-c/esp32/build_contexts/build_ctx_970292129/libs/rpc-common/src/mg_rpc/mg_rpc_channel.c /fwbuild-volumes/2.1/apps/demo-c/esp32/build_contexts/build_ctx_970292129/libs/rpc-common/src/mg_rpc/mg_rpc_channel_http.c /fwbuild-volumes/2.1/apps/demo-c/esp32/build_contexts/build_ctx_970292129/libs/rpc-common/src/mg_rpc/mg_rpc_channel_ws.c /fwbuild-volumes/2.1/apps/demo-c/esp32/build_contexts/build_ctx_970292129/libs/rpc-common/src/mgos_rpc.c /fwbuild-volumes/2.1/apps/demo-c/esp32/build_contexts/build_ctx_970292129/libs/dht/src/mgos_dht.c /fwbuild-volumes/2.1/apps/demo-c/esp32/build_contexts/build_ctx_970292129/libs/dns-sd/src/mgos_dns_sd.c /fwbuild-volumes/2.1/apps/demo-c/esp32/build_contexts/build_ctx_970292129/libs/dns-sd/src/mgos_mdns.c /fwbuild-volumes/2.1/apps/demo-c/esp32/build_contexts/build_ctx_970292129/libs/dns-sd/src/lwip/lwip_mdns.c /fwbuild-volumes/2.1/apps/demo-c/esp32/build_contexts/build_ctx_970292129/libs/esp32-touchpad/src/esp32_touchpad.c /fwbuild-volumes/2.1/apps/demo-c/esp32/build_contexts/build_ctx_970292129/libs/gcp/src/mgos_gcp.c /fwbuild-volumes/2.1/apps/demo-c/esp32/build_contexts/build_ctx_970292129/libs/neopixel/src/mgos_neopixel.c /fwbuild-volumes/2.1/apps/demo-c/esp32/build_contexts/build_ctx_970292129/libs/pppos/src/mgos_pppos.c /fwbuild-volumes/2.1/apps/demo-c/esp32/build_contexts/build_ctx_970292129/libs/pwm/src/mgos_pwm.c /fwbuild-volumes/2.1/apps/demo-c/esp32/build_contexts/build_ctx_970292129/libs/pwm/src/esp32/esp32_pwm.c /fwbuild-volumes/2.1/apps/demo-c/esp32/build_contexts/build_ctx_970292129/libs/rpc-azure/src/mgos_rpc_channel_azure_dm.c /fwbuild-volumes/2.1/apps/demo-c/esp32/build_contexts/build_ctx_970292129/libs/rpc-gatts/src/esp32/esp32_rpc_channel_gatts.c /fwbuild-volumes/2.1/apps/demo-c/esp32/build_contexts/build_ctx_970292129/libs/rpc-loopback/src/mg_rpc_channel_loopback.c /fwbuild-volumes/2.1/apps/demo-c/esp32/build_contexts/build_ctx_970292129/libs/rpc-mqtt/src/mgos_rpc_channel_mqtt.c /fwbuild-volumes/2.1/apps/demo-c/esp32/build_contexts/build_ctx_970292129/libs/rpc-service-atca/src/mgos_atca_service.c /fwbuild-volumes/2.1/apps/demo-c/esp32/build_contexts/build_ctx_970292129/libs/rpc-service-config/src/mgos_service_config.c /fwbuild-volumes/2.1/apps/demo-c/esp32/build_contexts/build_ctx_970292129/libs/rpc-service-fs/src/mgos_service_filesystem.c /fwbuild-volumes/2.1/apps/demo-c/esp32/build_contexts/build_ctx_970292129/libs/rpc-service-gpio/src/mgos_gpio_service.c /fwbuild-volumes/2.1/apps/demo-c/esp32/build_contexts/build_ctx_970292129/libs/rpc-service-i2c/src/mgos_i2c_service.c /fwbuild-volumes/2.1/apps/demo-c/esp32/build_contexts/build_ctx_970292129/libs/rpc-service-wifi/src/mgos_rpc_service_wifi.c /fwbuild-volumes/2.1/apps/demo-c/esp32/build_contexts/build_ctx_970292129/libs/rpc-uart/src/mgos_rpc_channel_uart.c /fwbuild-volumes/2.1/apps/demo-c/esp32/build_contexts/build_ctx_970292129/libs/spi/src/mgos_spi.c /fwbuild-volumes/2.1/apps/demo-c/esp32/build_contexts/build_ctx_970292129/libs/spi/src/mgos_spi_mjs.c /fwbuild-volumes/2.1/apps/demo-c/esp32/build_contexts/build_ctx_970292129/libs/spi/src/esp32/esp32_spi_master.c /fwbuild-volumes/2.1/apps/demo-c/esp32/build_contexts/build_ctx_970292129/libs/vfs-dev-spi-flash/src/mgos_vfs_dev_spi_flash.c /fwbuild-volumes/2.1/apps/demo-c/esp32/build_contexts/build_ctx_970292129/libs/demo-bundle/src/mgos_demo_bundle.c' 'MGOS_HAVE_ETHERNET=1' 'MGOS_HAVE_RPC_LOOPBACK=1' 'MGOS_HAVE_OTA_HTTP_SERVER=1' 'MGOS_HAVE_DASH=1' 'MGOS_HAVE_ADC=1' 'MGOS_HAVE_RPC_UART=1' 'MGOS_HAVE_AWS=1' 'MGOS_HAVE_PWM=1' 'MGOS_ENABLE_SPI_GPIO=0' 'ESP_IDF_EXTRA_COMPONENTS= bt' 'MGOS_HAVE_I2C=1' 'MGOS_HAVE_ESP32_TOUCHPAD=1' 'MGOS_HAVE_RPC_AZURE=1' 'MGOS_HAVE_OTA_HTTP_CLIENT=1' 'MGOS_HAVE_WIFI=1' 'MGOS_HAVE_RPC_SERVICE_WIFI=1' 'MGOS_HAVE_DHT=1' 'MGOS_HAVE_VFS_DEV_SPI_FLASH=1' 'MGOS_HAVE_ATCA=1' 'MGOS_HAVE_SPI=1' 'MGOS_HAVE_PPPOS=1' 'MGOS_ENABLE_UPDATER=1' 'BUILD_DIR=/fwbuild-volumes/2.1/apps/demo-c/esp32/build_contexts/build_ctx_970292129/build/objs' 'MGOS_PATH=/mongoose-os' 'GEN_DIR=/fwbuild-volumes/2.1/apps/demo-c/esp32/build_contexts/build_ctx_970292129/build/gen' 'APP_CONF_SCHEMA=/fwbuild-volumes/2.1/apps/demo-c/esp32/build_contexts/build_ctx_970292129/build/gen/mos_conf_schema.yml' 'MGOS_HAVE_MONGOOSE=1' 'MGOS_HAVE_BT_COMMON=1' 'MGOS_HAVE_RPC_SERVICE_I2C=1' 'APP_FS_FILES=/fwbuild-volumes/2.1/apps/demo-c/esp32/build_contexts/build_ctx_970292129/libs/ca-bundle/fs/ca.pem /fwbuild-volumes/2.1/apps/demo-c/esp32/build_contexts/build_ctx_970292129/fs/index.html' 'MGOS_HAVE_RPC_SERVICE_GPIO=1' 'MGOS_HAVE_RPC_SERVICE_FS=1' 'ESP_IDF_SDKCONFIG_OPTS= CONFIG_BT_ENABLED=y CONFIG_BLUEDROID_ENABLED=y CONFIG_BTC_TASK_STACK_SIZE=6144 CONFIG_BLUEDROID_MEM_DEBUG= CONFIG_CLASSIC_BT_ENABLED= CONFIG_BT_DRAM_RELEASE=y CONFIG_GATTS_ENABLE=y CONFIG_GATTC_ENABLE=y CONFIG_BLE_SMP_ENABLE=y CONFIG_BT_STACK_NO_LOG= CONFIG_BT_ACL_CONNECTIONS=4 CONFIG_BTDM_CONTROLLER_RUN_CPU=0 CONFIG_SMP_ENABLE=y CONFIG_BT_RESERVE_DRAM=0x10000  CONFIG_PPP_SUPPORT=y' 'MGOS_HAVE_RPC_MQTT=1' 'MGOS_HAVE_RPC_SERVICE_OTA=1' 'MANIFEST_FINAL=/fwbuild-volumes/2.1/apps/demo-c/esp32/build_contexts/build_ctx_970292129/build/gen/mos_final.yml' 'MGOS_HAVE_DEMO_BUNDLE=1' 'APP_CXXFLAGS=-DMGOS_HAVE_I2C=1 -DMGOS_WIFI_ENABLE_AP_STA=1 -DMGOS_HAVE_DEMO_BUNDLE=1 -DMGOS_HAVE_RPC_SERVICE_I2C=1 -DMGOS_HAVE_DASH=1 -DMGOS_HAVE_RPC_GATTS=1 -DMGOS_HAVE_RPC_SERVICE_ATCA=1 -DMGOS_ENABLE_RPC_CHANNEL_WS=1 -DMGOS_HAVE_MONGOOSE=1 -DMGOS_HAVE_HTTP_SERVER=1 -DMGOS_HAVE_SPI=1 -DMGOS_HAVE_RPC_AZURE=1 -DMGOS_HAVE_CA_BUNDLE=1 -DMGOS_HAVE_RPC_SERVICE_FS=1 -DMGOS_HAVE_RPC_LOOPBACK=1 -DMGOS_DNS_SD_HIDE_ADDITIONAL_INFO=0 -DMGOS_ENABLE_TUNNEL=0 -DMGOS_HAVE_PWM=1 -DMGOS_HAVE_BT_SERVICE_CONFIG=1 -DMGOS_HAVE_BT_COMMON=1 -DMGOS_HAVE_RPC_SERVICE_OTA=1 -DMGOS_HAVE_RPC_SERVICE_CONFIG=1 -DMGOS_ETH_PHY_LAN87x0=1 -DMGOS_HAVE_OTA_HTTP_CLIENT=1 -DMGOS_HAVE_DNS_SD=1 -DMGOS_HAVE_RPC_SERVICE_GPIO=1 -DMGOS_ENABLE_FILE_UPLOAD=1 -DMGOS_HAVE_ESP32_TOUCHPAD=1 -DMG_ENABLE_DNS=1 -DMGOS_HAVE_BT_SERVICE_DEBUG=1 -DMGOS_HAVE_RPC_UART=1 -DMGOS_HAVE_ADC=1 -DMGOS_HAVE_RPC_SERVICE_WIFI=1 -DMGOS_HAVE_AWS=1 -DMGOS_ENABLE_WEB_CONFIG=0 -DMG_ENABLE_DNS_SERVER=1 -DMGOS_HAVE_PPPOS=1 -DMGOS_HAVE_NEOPIXEL=1 -DMGOS_HAVE_OTA_SHADOW=1 -DMGOS_HAVE_RPC_MQTT=1 -DMGOS_HAVE_VFS_DEV_SPI_FLASH=1 -DMGOS_HAVE_RPC_COMMON=1 -DMGOS_HAVE_MQTT=1 -DMGOS_HAVE_OTA_HTTP_SERVER=1 -DMGOS_HAVE_SNTP=1 -DMGOS_HAVE_WIFI=1 -DMGOS_HAVE_SHADOW=1 -DMGOS_HAVE_DHT=1 -DMGOS_HAVE_ATCA=1 -DMGOS_HAVE_ETHERNET=1 -DMG_ENABLE_MQTT=1 -DMGOS_ENABLE_SYS_SERVICE=1 -DMGOS_HAVE_GCP=1 -DMGOS_HAVE_AZURE=1 -DMG_ENABLE_SNTP=1 -DMGOS_ENABLE_RPC_CHANNEL_HTTP=1' 'FFI_SYMBOLS=' 'MGOS_HAVE_RPC_COMMON=1' 'MGOS_HAVE_NEOPIXEL=1' 'MGOS_HAVE_BT_SERVICE_CONFIG=1' 'MGOS_ENABLE_I2C_GPIO=0' 'MGOS_HAVE_SHADOW=1' 'MGOS_HAVE_BT_SERVICE_DEBUG=1' 'APP_VERSION=1.0' 'APP=demo-c' 'MGOS_HAVE_RPC_SERVICE_ATCA=1' 'MGOS_HAVE_RPC_SERVICE_CONFIG=1' 'MGOS_HAVE_DNS_SD=1' 'MGOS_HAVE_MQTT=1' 'MGOS_WIFI_ENABLE_AP_STA=1' 'FS_STAGING_DIR=build/fs' 'MGOS_HAVE_AZURE=1' 'MGOS_HAVE_GCP=1' 'FW_DIR=build/fw' 'APP_INCLUDES=/fwbuild-volumes/2.1/apps/demo-c/esp32/build_contexts/build_ctx_970292129/libs/adc/include /fwbuild-volumes/2.1/apps/demo-c/esp32/build_contexts/build_ctx_970292129/libs/mongoose/include /fwbuild-volumes/2.1/apps/demo-c/esp32/build_contexts/build_ctx_970292129/libs/i2c/include /fwbuild-volumes/2.1/apps/demo-c/esp32/build_contexts/build_ctx_970292129/libs/atca/include /fwbuild-volumes/2.1/apps/demo-c/esp32/build_contexts/build_ctx_970292129/libs/mqtt/include /fwbuild-volumes/2.1/apps/demo-c/esp32/build_contexts/build_ctx_970292129/libs/shadow/include /fwbuild-volumes/2.1/apps/demo-c/esp32/build_contexts/build_ctx_970292129/libs/aws/include /fwbuild-volumes/2.1/apps/demo-c/esp32/build_contexts/build_ctx_970292129/libs/sntp/include /fwbuild-volumes/2.1/apps/demo-c/esp32/build_contexts/build_ctx_970292129/libs/azure/include /fwbuild-volumes/2.1/apps/demo-c/esp32/build_contexts/build_ctx_970292129/libs/bt-common/include /fwbuild-volumes/2.1/apps/demo-c/esp32/build_contexts/build_ctx_970292129/libs/bt-common/include/esp32 /fwbuild-volumes/2.1/apps/demo-c/esp32/build_contexts/build_ctx_970292129/libs/wifi/include /fwbuild-volumes/2.1/apps/demo-c/esp32/build_contexts/build_ctx_970292129/libs/wifi/esp32/include /fwbuild-volumes/2.1/apps/demo-c/esp32/build_contexts/build_ctx_970292129/libs/http-server/include /fwbuild-volumes/2.1/apps/demo-c/esp32/build_contexts/build_ctx_970292129/libs/rpc-common/include/mg_rpc /fwbuild-volumes/2.1/apps/demo-c/esp32/build_contexts/build_ctx_970292129/libs/rpc-common/include /fwbuild-volumes/2.1/apps/demo-c/esp32/build_contexts/build_ctx_970292129/libs/dash/include /fwbuild-volumes/2.1/apps/demo-c/esp32/build_contexts/build_ctx_970292129/libs/dht/include /fwbuild-volumes/2.1/apps/demo-c/esp32/build_contexts/build_ctx_970292129/libs/dns-sd/include /fwbuild-volumes/2.1/apps/demo-c/esp32/build_contexts/build_ctx_970292129/libs/gcp/include /fwbuild-volumes/2.1/apps/demo-c/esp32/build_contexts/build_ctx_970292129/libs/neopixel/include /fwbuild-volumes/2.1/apps/demo-c/esp32/build_contexts/build_ctx_970292129/libs/ota-http-client/include /fwbuild-volumes/2.1/apps/demo-c/esp32/build_contexts/build_ctx_970292129/libs/ota-http-server/include /fwbuild-volumes/2.1/apps/demo-c/esp32/build_contexts/build_ctx_970292129/libs/pppos/include /fwbuild-volumes/2.1/apps/demo-c/esp32/build_contexts/build_ctx_970292129/libs/pwm/include /fwbuild-volumes/2.1/apps/demo-c/esp32/build_contexts/build_ctx_970292129/libs/rpc-loopback/include /fwbuild-volumes/2.1/apps/demo-c/esp32/build_contexts/build_ctx_970292129/libs/rpc-mqtt/include /fwbuild-volumes/2.1/apps/demo-c/esp32/build_contexts/build_ctx_970292129/libs/rpc-service-config/include /fwbuild-volumes/2.1/apps/demo-c/esp32/build_contexts/build_ctx_970292129/libs/rpc-service-fs/include /fwbuild-volumes/2.1/apps/demo-c/esp32/build_contexts/build_ctx_970292129/libs/rpc-service-gpio/include /fwbuild-volumes/2.1/apps/demo-c/esp32/build_contexts/build_ctx_970292129/libs/rpc-service-i2c/include /fwbuild-volumes/2.1/apps/demo-c/esp32/build_contexts/build_ctx_970292129/libs/rpc-service-ota/include /fwbuild-volumes/2.1/apps/demo-c/esp32/build_contexts/build_ctx_970292129/libs/rpc-uart/include /fwbuild-volumes/2.1/apps/demo-c/esp32/build_contexts/build_ctx_970292129/libs/spi/include /fwbuild-volumes/2.1/apps/demo-c/esp32/build_contexts/build_ctx_970292129/libs/vfs-dev-spi-flash/include' 'MGOS_HAVE_SNTP=1' 'MGOS_HAVE_OTA_SHADOW=1' 'MGOS_HAVE_RPC_GATTS=1' 'APP_BIN_LIBS=/fwbuild-volumes/2.1/apps/demo-c/esp32/build_contexts/build_ctx_970292129/libs/mongoose/lib/esp32/libmongoose.a /fwbuild-volumes/2.1/apps/demo-c/esp32/build_contexts/build_ctx_970292129/libs/ota-shadow/lib/esp32/libota-shadow.a /fwbuild-volumes/2.1/apps/demo-c/esp32/build_contexts/build_ctx_970292129/libs/dash/lib/esp32/libdash.a /fwbuild-volumes/2.1/apps/demo-c/esp32/build_contexts/build_ctx_970292129/libs/ota-http-client/lib/esp32/libota-http-client.a /fwbuild-volumes/2.1/apps/demo-c/esp32/build_contexts/build_ctx_970292129/libs/ota-http-server/lib/esp32/libota-http-server.a /fwbuild-volumes/2.1/apps/demo-c/esp32/build_contexts/build_ctx_970292129/libs/rpc-service-ota/lib/esp32/librpc-service-ota.a' 'APP_CFLAGS=-DMGOS_HAVE_OTA_HTTP_CLIENT=1 -DMGOS_ETH_PHY_LAN87x0=1 -DMGOS_ENABLE_FILE_UPLOAD=1 -DMGOS_HAVE_ESP32_TOUCHPAD=1 -DMG_ENABLE_DNS=1 -DMGOS_HAVE_DNS_SD=1 -DMGOS_HAVE_RPC_SERVICE_GPIO=1 -DMGOS_HAVE_RPC_UART=1 -DMGOS_HAVE_ADC=1 -DMGOS_HAVE_BT_SERVICE_DEBUG=1 -DMGOS_HAVE_AWS=1 -DMGOS_HAVE_RPC_SERVICE_WIFI=1 -DMG_ENABLE_DNS_SERVER=1 -DMGOS_HAVE_PPPOS=1 -DMGOS_ENABLE_WEB_CONFIG=0 -DMGOS_HAVE_NEOPIXEL=1 -DMGOS_HAVE_RPC_MQTT=1 -DMGOS_HAVE_VFS_DEV_SPI_FLASH=1 -DMGOS_HAVE_OTA_SHADOW=1 -DMGOS_HAVE_SNTP=1 -DMGOS_HAVE_WIFI=1 -DMGOS_HAVE_RPC_COMMON=1 -DMGOS_HAVE_MQTT=1 -DMGOS_HAVE_OTA_HTTP_SERVER=1 -DMGOS_HAVE_ATCA=1 -DMGOS_HAVE_ETHERNET=1 -DMGOS_HAVE_SHADOW=1 -DMGOS_HAVE_DHT=1 -DMGOS_HAVE_AZURE=1 -DMG_ENABLE_SNTP=1 -DMGOS_ENABLE_RPC_CHANNEL_HTTP=1 -DMG_ENABLE_MQTT=1 -DMGOS_ENABLE_SYS_SERVICE=1 -DMGOS_HAVE_GCP=1 -DMGOS_HAVE_DASH=1 -DMGOS_HAVE_RPC_GATTS=1 -DMGOS_HAVE_RPC_SERVICE_ATCA=1 -DMGOS_HAVE_I2C=1 -DMGOS_WIFI_ENABLE_AP_STA=1 -DMGOS_HAVE_DEMO_BUNDLE=1 -DMGOS_HAVE_RPC_SERVICE_I2C=1 -DMGOS_HAVE_MONGOOSE=1 -DMGOS_HAVE_HTTP_SERVER=1 -DMGOS_ENABLE_RPC_CHANNEL_WS=1 -DMGOS_HAVE_RPC_SERVICE_FS=1 -DMGOS_HAVE_RPC_LOOPBACK=1 -DMGOS_HAVE_SPI=1 -DMGOS_HAVE_RPC_AZURE=1 -DMGOS_HAVE_CA_BUNDLE=1 -DMGOS_HAVE_BT_SERVICE_CONFIG=1 -DMGOS_HAVE_BT_COMMON=1 -DMGOS_HAVE_RPC_SERVICE_OTA=1 -DMGOS_DNS_SD_HIDE_ADDITIONAL_INFO=0 -DMGOS_ENABLE_TUNNEL=0 -DMGOS_HAVE_PWM=1 -DMGOS_HAVE_RPC_SERVICE_CONFIG=1'
make: Entering directory '/app'
/mongoose-os/fw/platforms/esp32/Makefile.build:178: warning: overriding recipe for target 'defconfig'
/opt/Espressif/esp-idf/make/project_config.mk:71: warning: ignoring old recipe for target 'defconfig'
/mongoose-os/fw/platforms/esp32/Makefile.build:178: warning: overriding recipe for target 'menuconfig'
/opt/Espressif/esp-idf/make/project_config.mk:58: warning: ignoring old recipe for target 'menuconfig'
make[1]: Entering directory '/opt/Espressif/esp-idf/components/bootloader/subproject'
make[1]: Entering directory '/fwbuild-volumes/2.1/apps/demo-c/esp32/build_contexts/build_ctx_970292129/build/objs/mosapp'
CC main.o
CC mgos_neopixel.o
CC mgos_pppos.o
CC mgos_pwm.o
CC esp32_pwm.o
CC mgos_rpc_channel_azure_dm.o
CC mg_rpc_channel_loopback.o
CC mgos_rpc_channel_mqtt.o
CC esp32_rpc_channel_gatts.o
CC mgos_atca_service.o
CC mgos_service_filesystem.o
CC mgos_service_config.o
CC mgos_i2c_service.o
CC mgos_gpio_service.o
CC mgos_rpc_service_wifi.o
CC mgos_rpc_channel_uart.o
CC mgos_spi.o
/fwbuild-volumes/2.1/apps/demo-c/esp32/build_contexts/build_ctx_970292129/src/main.c: In function 'mgos_app_init':
/fwbuild-volumes/2.1/apps/demo-c/esp32/build_contexts/build_ctx_970292129/src/main.c:107:8: warning: unused variable 'pin_is_enabled' [-Wunused-variable]
   bool pin_is_enabled = mgos_adc_enable(36);
        ^
make[1]: Leaving directory '/opt/Espressif/esp-idf/components/bootloader/subproject'
CC esp32_spi_master.o
CC mgos_spi_mjs.o
CC mgos_vfs_dev_spi_flash.o
CC mgos_demo_bundle.o
  GEN   /fwbuild-volumes/2.1/apps/demo-c/esp32/build_contexts/build_ctx_970292129/build/gen/mg_build_info.c
  GEN   /fwbuild-volumes/2.1/apps/demo-c/esp32/build_contexts/build_ctx_970292129/build/gen/build_info.c
CC mg_build_info.o
CC build_info.o
AR /fwbuild-volumes/2.1/apps/demo-c/esp32/build_contexts/build_ctx_970292129/build/objs/mosapp/libmosapp.a
make[1]: Leaving directory '/fwbuild-volumes/2.1/apps/demo-c/esp32/build_contexts/build_ctx_970292129/build/objs/mosapp'
LD /fwbuild-volumes/2.1/apps/demo-c/esp32/build_contexts/build_ctx_970292129/build/objs/demo-c.elf
esptool.py v2.3.1
  Generating breakdown
  CP    /fwbuild-volumes/2.1/apps/demo-c/esp32/build_contexts/build_ctx_970292129/libs/ca-bundle/fs/ca.pem -> build/fs
  CP    /fwbuild-volumes/2.1/apps/demo-c/esp32/build_contexts/build_ctx_970292129/fs/index.html -> build/fs
  CP    /fwbuild-volumes/2.1/apps/demo-c/esp32/build_contexts/build_ctx_970292129/build/gen/conf0.json -> build/fs
  MKFS  /usr/local/bin/mkspiffs8 262144 4096 256 4096 build/fs -> /fwbuild-volumes/2.1/apps/demo-c/esp32/build_contexts/build_ctx_970292129/build/objs/fw_temp/fs.img
     Adding ca.pem: 17334
     Adding conf0.json: 6069
     Adding index.html: 70
     Image stats: size=262144, space: total=233681, used=24849, free=208832
  GEN    /fwbuild-volumes/2.1/apps/demo-c/esp32/build_contexts/build_ctx_970292129/build/objs/fw_temp/manifest.json
  ZIP    /app/build/fw/demo-c-esp32-last.zip
     Adding /fwbuild-volumes/2.1/apps/demo-c/esp32/build_contexts/build_ctx_970292129/build/objs/fw_temp/bootloader.bin
     Adding /fwbuild-volumes/2.1/apps/demo-c/esp32/build_contexts/build_ctx_970292129/build/objs/fw_temp/demo-c.bin
     Adding /fwbuild-volumes/2.1/apps/demo-c/esp32/build_contexts/build_ctx_970292129/build/objs/fw_temp/fs.img
     Adding /fwbuild-volumes/2.1/apps/demo-c/esp32/build_contexts/build_ctx_970292129/build/objs/fw_temp/partitions_mgos.bin
  Built demo-c/esp32 version 1.0 (20180513-014130/???)
To flash all build output, run 'make flash' or:
python /opt/Espressif/esp-idf/components/esptool_py/esptool/esptool.py --chip esp32 --port /dev/ttyUSB0 --baud 1500000 --before default_reset --after hard_reset write_flash -z --flash_mode qio --flash_freq 40m --flash_size detect 0x1000 /fwbuild-volumes/2.1/apps/demo-c/esp32/build_contexts/build_ctx_970292129/build/objs/bootloader/bootloader.bin 0x10000 /fwbuild-volumes/2.1/apps/demo-c/esp32/build_contexts/build_ctx_970292129/build/objs/demo-c.bin 0x8000 /fwbuild-volumes/2.1/apps/demo-c/esp32/build_contexts/build_ctx_970292129/build/objs/partitions_mgos.bin
make: Leaving directory '/app'
Success, built demo-c/esp32 version 1.0 (20180513-014130/???).
Firmware saved to build/fw.zip
